2022-09-16 09:26:36,676 [INFO] Activator:177 - 


2022-09-16 09:26:36,678 [INFO] Activator:178 - !SESSION log4j initialized
2022-09-16 09:26:38,982 [INFO] McuFinderGlobals:44 - Set McuFinder mode to 2 (CubeIDE integrated)
2022-09-16 09:26:40,217 [INFO] ApplicationProperties:181 - Using Application install path: C:\ST\STM32CubeIDE_1.10.1\STM32CubeIDE\plugins\com.st.stm32cube.common.mx_6.6.1.202207061420
2022-09-16 09:26:40,243 [INFO] DbMcusXml:77 - Set database path to: C:\ST\STM32CubeIDE_1.10.1\STM32CubeIDE\plugins\com.st.stm32cube.common.mx_6.6.1.202207061420\\db\/mcu/
2022-09-16 09:26:40,243 [INFO] ApiDb:269 - Set plugin database path to: C:\ST\STM32CubeIDE_1.10.1\STM32CubeIDE\plugins\com.st.stm32cube.common.mx_6.6.1.202207061420\\db\/plugins/boardmanager/
2022-09-16 09:26:40,247 [WARN] ApiDb:254 - Overriding images path with different value:  => C:\ST\STM32CubeIDE_1.10.1\STM32CubeIDE\plugins\com.st.stm32cube.common.mx_6.6.1.202207061420\\db\/plugins/mcufinder/images/
2022-09-16 09:26:40,263 [INFO] ApiDb:249 - Set database path to: C:\Users\hasan\.stmcufinder\plugins\mcufinder//mcu/
2022-09-16 09:26:40,265 [INFO] DbMcusAds:124 - Set database path to: C:\Users\hasan\.stmcufinder\plugins\mcufinder//mcu/
2022-09-16 09:26:40,267 [INFO] CrossReferenceDbSqlite:201 - Set database path to: C:\Users\hasan\.stmcufinder\plugins\mcufinder//mcu/cs/
2022-09-16 09:26:40,388 [INFO] RulesReader:61 - Compatibility file has been processed (282 Rules)
2022-09-16 09:26:40,484 [INFO] DbMcusXml:77 - Set database path to: C:\ST\STM32CubeIDE_1.10.1\STM32CubeIDE\plugins\com.st.stm32cube.common.mx_6.6.1.202207061420\\db\/mcu/
2022-09-16 09:26:40,485 [INFO] ApiDb:269 - Set plugin database path to: C:\ST\STM32CubeIDE_1.10.1\STM32CubeIDE\plugins\com.st.stm32cube.common.mx_6.6.1.202207061420\\db\/plugins/boardmanager/
2022-09-16 09:26:40,486 [INFO] ApiDb:256 - Set plugin images path to: C:\ST\STM32CubeIDE_1.10.1\STM32CubeIDE\plugins\com.st.stm32cube.common.mx_6.6.1.202207061420\\db\/plugins/mcufinder/images/
2022-09-16 09:26:40,486 [WARN] DbFile:40 - Overriding database path with different value: C:\Users\hasan\.stmcufinder\plugins\mcufinder/ => C:\Users\hasan\.stmcufinder\plugins\mcufinder
2022-09-16 09:26:40,486 [INFO] ApiDb:249 - Set database path to: C:\Users\hasan\.stmcufinder\plugins\mcufinder//mcu/
2022-09-16 09:26:40,486 [WARN] DbFile:40 - Overriding database path with different value: C:\Users\hasan\.stmcufinder\plugins\mcufinder/ => C:\Users\hasan\.stmcufinder\plugins\mcufinder
2022-09-16 09:26:40,487 [INFO] DbMcusAds:124 - Set database path to: C:\Users\hasan\.stmcufinder\plugins\mcufinder//mcu/
2022-09-16 09:26:40,488 [WARN] DbFile:40 - Overriding database path with different value: C:\Users\hasan\.stmcufinder\plugins\mcufinder/ => C:\Users\hasan\.stmcufinder\plugins\mcufinder
2022-09-16 09:26:40,488 [WARN] DbFile:40 - Overriding database path with different value: C:\Users\hasan\.stmcufinder\plugins\mcufinder/ => C:\Users\hasan\.stmcufinder\plugins\mcufinder
2022-09-16 09:26:40,488 [INFO] CrossReferenceDbSqlite:201 - Set database path to: C:\Users\hasan\.stmcufinder\plugins\mcufinder//mcu/cs/
2022-09-16 09:26:40,580 [INFO] MainPanel:242 - HeapMemory: 268435456
2022-09-16 09:26:40,666 [INFO] DbMcusXml:77 - Set database path to: C:\ST\STM32CubeIDE_1.10.1\STM32CubeIDE\plugins\com.st.stm32cube.common.mx_6.6.1.202207061420\\db\/mcu/
2022-09-16 09:26:40,666 [INFO] ApiDb:269 - Set plugin database path to: C:\ST\STM32CubeIDE_1.10.1\STM32CubeIDE\plugins\com.st.stm32cube.common.mx_6.6.1.202207061420\\db\/plugins/boardmanager/
2022-09-16 09:26:40,666 [INFO] ApiDb:256 - Set plugin images path to: C:\ST\STM32CubeIDE_1.10.1\STM32CubeIDE\plugins\com.st.stm32cube.common.mx_6.6.1.202207061420\\db\/plugins/mcufinder/images/
2022-09-16 09:26:40,667 [WARN] DbFile:40 - Overriding database path with different value: C:\Users\hasan\.stmcufinder\plugins\mcufinder/ => C:\Users\hasan\.stmcufinder\plugins\mcufinder
2022-09-16 09:26:40,667 [INFO] ApiDb:249 - Set database path to: C:\Users\hasan\.stmcufinder\plugins\mcufinder//mcu/
2022-09-16 09:26:40,667 [WARN] DbFile:40 - Overriding database path with different value: C:\Users\hasan\.stmcufinder\plugins\mcufinder/ => C:\Users\hasan\.stmcufinder\plugins\mcufinder
2022-09-16 09:26:40,667 [INFO] DbMcusAds:124 - Set database path to: C:\Users\hasan\.stmcufinder\plugins\mcufinder//mcu/
2022-09-16 09:26:40,668 [WARN] DbFile:40 - Overriding database path with different value: C:\Users\hasan\.stmcufinder\plugins\mcufinder/ => C:\Users\hasan\.stmcufinder\plugins\mcufinder
2022-09-16 09:26:40,668 [WARN] DbFile:40 - Overriding database path with different value: C:\Users\hasan\.stmcufinder\plugins\mcufinder/ => C:\Users\hasan\.stmcufinder\plugins\mcufinder
2022-09-16 09:26:40,669 [INFO] CrossReferenceDbSqlite:201 - Set database path to: C:\Users\hasan\.stmcufinder\plugins\mcufinder//mcu/cs/
2022-09-16 09:26:40,690 [INFO] ApplicationProperties:181 - Using Application install path: C:\ST\STM32CubeIDE_1.10.1\STM32CubeIDE\plugins\com.st.stm32cube.common.mx_6.6.1.202207061420
2022-09-16 09:26:40,691 [INFO] PluginManage:193 - Search for loadable plugins [exclusion list=, ]
2022-09-16 09:26:40,692 [INFO] PluginManage:307 - Check plugin analytics
2022-09-16 09:26:45,480 [INFO] AnalyticsPlugin:262 - Accepted Software Licenses: 
2022-09-16 09:26:45,481 [INFO] AnalyticsPlugin:264 - Accepted CMSIS Pack Licenses: 
2022-09-16 09:26:45,481 [INFO] AnalyticsPlugin:266 - Accepted Firmware Licenses: 
2022-09-16 09:26:45,493 [INFO] PluginManage:356 - Loaded plugin analytics (category:tool,tabindex:-1)
2022-09-16 09:26:45,494 [INFO] PluginManage:307 - Check plugin cadmodel
2022-09-16 09:26:45,498 [INFO] CADModel:65 - Init CAD model plugin
2022-09-16 09:26:45,499 [INFO] PluginManage:356 - Loaded plugin cadmodel (category:power,tabindex:5)
2022-09-16 09:26:45,499 [INFO] PluginManage:307 - Check plugin clock
2022-09-16 09:26:45,510 [INFO] PluginManage:356 - Loaded plugin clock (category:base,tabindex:2)
2022-09-16 09:26:45,511 [INFO] PluginManage:307 - Check plugin ddr
2022-09-16 09:26:45,513 [INFO] PluginManage:356 - Loaded plugin ddr (category:tool,tabindex:6)
2022-09-16 09:26:45,513 [INFO] PluginManage:307 - Check plugin filemanager
2022-09-16 09:26:45,713 [INFO] PluginManage:356 - Loaded plugin filemanager (category:base,tabindex:10)
2022-09-16 09:26:45,713 [INFO] PluginManage:307 - Check plugin ipmanager
2022-09-16 09:26:45,721 [INFO] PluginManage:356 - Loaded plugin ipmanager (category:base,tabindex:5)
2022-09-16 09:26:45,721 [INFO] PluginManage:307 - Check plugin lpbam
2022-09-16 09:26:45,731 [INFO] PluginManage:356 - Loaded plugin lpbam (category:base,tabindex:0)
2022-09-16 09:26:45,731 [INFO] PluginManage:307 - Check plugin pinoutandconfiguration
2022-09-16 09:26:45,739 [INFO] PluginManage:356 - Loaded plugin pinoutandconfiguration (category:base,tabindex:1)
2022-09-16 09:26:45,739 [INFO] PluginManage:307 - Check plugin pinoutconfig
2022-09-16 09:26:45,771 [INFO] PluginManage:356 - Loaded plugin pinoutconfig (category:base,tabindex:0)
2022-09-16 09:26:45,771 [INFO] PluginManage:307 - Check plugin power
2022-09-16 09:26:45,785 [INFO] PluginManage:356 - Loaded plugin power (category:power,tabindex:4)
2022-09-16 09:26:45,785 [INFO] PluginManage:307 - Check plugin projectmanager
2022-09-16 09:26:45,803 [INFO] PluginManage:356 - Loaded plugin projectmanager (category:projectmanager,tabindex:3)
2022-09-16 09:26:45,804 [INFO] PluginManage:307 - Check plugin thirdparty
2022-09-16 09:26:45,943 [WARN] IntegrityCheckThread:82 - waiting for thirdparty lock release [integrity check]
2022-09-16 09:26:45,943 [INFO] PluginManage:356 - Loaded plugin thirdparty (category:base,tabindex:-1)
2022-09-16 09:26:45,945 [INFO] IntegrityCheckThread:84 - entering critical section [integrity check]
2022-09-16 09:26:45,945 [INFO] PluginManage:307 - Check plugin tools
2022-09-16 09:26:45,948 [INFO] ThirdPartyUpdaterWithRetryManager:70 - Updater plugin not ready yet. [1/15]
2022-09-16 09:26:45,949 [INFO] PluginManage:356 - Loaded plugin tools (category:base,tabindex:7)
2022-09-16 09:26:45,950 [INFO] PluginManage:307 - Check plugin tutovideos
2022-09-16 09:26:46,123 [INFO] PluginManage:356 - Loaded plugin tutovideos (category:base,tabindex:-1)
2022-09-16 09:26:46,124 [INFO] PluginManage:307 - Check plugin updater
2022-09-16 09:26:46,143 [INFO] PluginManage:356 - Loaded plugin updater (category:base,tabindex:12)
2022-09-16 09:26:46,144 [INFO] PluginManage:280 - PluginManage : Loaded plugins [15]
2022-09-16 09:26:46,390 [INFO] PinOutPanel:1468 - setPackage(No Configuration,No Configuration)
2022-09-16 09:26:46,465 [INFO] CADModel:98 - CPN selected for project level
2022-09-16 09:26:46,487 [INFO] IPUIPlugin:79 - create IPUIPlugin
2022-09-16 09:26:46,487 [INFO] PluginManager:217 - loadIPPluginJar : add adc
2022-09-16 09:26:46,491 [INFO] IPUIPlugin:79 - create IPUIPlugin
2022-09-16 09:26:46,492 [INFO] PluginManager:217 - loadIPPluginJar : add aes
2022-09-16 09:26:46,495 [INFO] IPUIPlugin:79 - create IPUIPlugin
2022-09-16 09:26:46,495 [INFO] PluginManager:217 - loadIPPluginJar : add can
2022-09-16 09:26:46,497 [INFO] IPUIPlugin:79 - create IPUIPlugin
2022-09-16 09:26:46,497 [INFO] PluginManager:217 - loadIPPluginJar : add comp
2022-09-16 09:26:46,500 [INFO] IPUIPlugin:79 - create IPUIPlugin
2022-09-16 09:26:46,500 [INFO] PluginManager:217 - loadIPPluginJar : add cryp
2022-09-16 09:26:46,503 [INFO] IPUIPlugin:79 - create IPUIPlugin
2022-09-16 09:26:46,503 [INFO] PluginManager:217 - loadIPPluginJar : add dfsdm
2022-09-16 09:26:46,509 [INFO] IPUIPlugin:79 - create IPUIPlugin
2022-09-16 09:26:46,509 [INFO] PluginManager:217 - loadIPPluginJar : add dma
2022-09-16 09:26:46,512 [INFO] IPUIPlugin:79 - create IPUIPlugin
2022-09-16 09:26:46,512 [INFO] PluginManager:217 - loadIPPluginJar : add dma3
2022-09-16 09:26:46,514 [INFO] IPUIPlugin:79 - create IPUIPlugin
2022-09-16 09:26:46,514 [INFO] PluginManager:217 - loadIPPluginJar : add fatfs
2022-09-16 09:26:46,518 [INFO] IPUIPlugin:79 - create IPUIPlugin
2022-09-16 09:26:46,519 [INFO] PluginManager:217 - loadIPPluginJar : add fmc
2022-09-16 09:26:46,524 [INFO] IPUIPlugin:79 - create IPUIPlugin
2022-09-16 09:26:46,524 [INFO] PluginManager:217 - loadIPPluginJar : add freertos
2022-09-16 09:26:46,525 [INFO] IPUIPlugin:79 - create IPUIPlugin
2022-09-16 09:26:46,525 [INFO] PluginManager:217 - loadIPPluginJar : add genericplugin
2022-09-16 09:26:46,527 [INFO] IPUIPlugin:79 - create IPUIPlugin
2022-09-16 09:26:46,527 [INFO] PluginManager:217 - loadIPPluginJar : add gfxmmu
2022-09-16 09:26:46,531 [INFO] IPUIPlugin:79 - create IPUIPlugin
2022-09-16 09:26:46,532 [INFO] PluginManager:217 - loadIPPluginJar : add gic
2022-09-16 09:26:46,535 [INFO] IPUIPlugin:79 - create IPUIPlugin
2022-09-16 09:26:46,535 [INFO] PluginManager:217 - loadIPPluginJar : add gpio
2022-09-16 09:26:46,538 [INFO] IPUIPlugin:79 - create IPUIPlugin
2022-09-16 09:26:46,538 [INFO] PluginManager:217 - loadIPPluginJar : add gtzc
2022-09-16 09:26:46,540 [INFO] IPUIPlugin:79 - create IPUIPlugin
2022-09-16 09:26:46,540 [INFO] PluginManager:217 - loadIPPluginJar : add hash
2022-09-16 09:26:46,542 [INFO] IPUIPlugin:79 - create IPUIPlugin
2022-09-16 09:26:46,542 [INFO] PluginManager:217 - loadIPPluginJar : add i2c
2022-09-16 09:26:46,544 [INFO] IPUIPlugin:79 - create IPUIPlugin
2022-09-16 09:26:46,544 [INFO] PluginManager:217 - loadIPPluginJar : add i2s
2022-09-16 09:26:46,547 [INFO] IPUIPlugin:79 - create IPUIPlugin
2022-09-16 09:26:46,547 [INFO] PluginManager:217 - loadIPPluginJar : add ipddr
2022-09-16 09:26:46,554 [INFO] IPUIPlugin:79 - create IPUIPlugin
2022-09-16 09:26:46,554 [INFO] PluginManager:217 - loadIPPluginJar : add linkedlist
2022-09-16 09:26:46,556 [INFO] IPUIPlugin:79 - create IPUIPlugin
2022-09-16 09:26:46,557 [INFO] PluginManager:217 - loadIPPluginJar : add lorawan
2022-09-16 09:26:46,558 [INFO] IPUIPlugin:79 - create IPUIPlugin
2022-09-16 09:26:46,558 [INFO] PluginManager:217 - loadIPPluginJar : add ltdc
2022-09-16 09:26:46,563 [INFO] IPUIPlugin:79 - create IPUIPlugin
2022-09-16 09:26:46,563 [INFO] PluginManager:217 - loadIPPluginJar : add mdma
2022-09-16 09:26:46,565 [INFO] IPUIPlugin:79 - create IPUIPlugin
2022-09-16 09:26:46,565 [INFO] PluginManager:217 - loadIPPluginJar : add nvic
2022-09-16 09:26:46,568 [INFO] IPUIPlugin:79 - create IPUIPlugin
2022-09-16 09:26:46,568 [INFO] PluginManager:217 - loadIPPluginJar : add opamp
2022-09-16 09:26:46,570 [INFO] IPUIPlugin:79 - create IPUIPlugin
2022-09-16 09:26:46,571 [INFO] PluginManager:217 - loadIPPluginJar : add openamp
2022-09-16 09:26:46,573 [INFO] IPUIPlugin:79 - create IPUIPlugin
2022-09-16 09:26:46,574 [INFO] PluginManager:217 - loadIPPluginJar : add pdm2pcm
2022-09-16 09:26:46,581 [INFO] IPUIPlugin:79 - create IPUIPlugin
2022-09-16 09:26:46,584 [INFO] PluginManager:217 - loadIPPluginJar : add plateformsettings
2022-09-16 09:26:46,586 [INFO] IPUIPlugin:79 - create IPUIPlugin
2022-09-16 09:26:46,586 [INFO] PluginManager:217 - loadIPPluginJar : add quadspi
2022-09-16 09:26:46,589 [INFO] IPUIPlugin:79 - create IPUIPlugin
2022-09-16 09:26:46,589 [INFO] PluginManager:217 - loadIPPluginJar : add resmgrutility
2022-09-16 09:26:46,592 [INFO] IPUIPlugin:79 - create IPUIPlugin
2022-09-16 09:26:46,592 [INFO] PluginManager:217 - loadIPPluginJar : add sai
2022-09-16 09:26:46,595 [INFO] IPUIPlugin:79 - create IPUIPlugin
2022-09-16 09:26:46,595 [INFO] PluginManager:217 - loadIPPluginJar : add spi
2022-09-16 09:26:46,599 [INFO] IPUIPlugin:79 - create IPUIPlugin
2022-09-16 09:26:46,599 [INFO] PluginManager:217 - loadIPPluginJar : add stm32_wpan
2022-09-16 09:26:46,601 [INFO] IPUIPlugin:79 - create IPUIPlugin
2022-09-16 09:26:46,601 [INFO] PluginManager:217 - loadIPPluginJar : add tim
2022-09-16 09:26:46,604 [INFO] IPUIPlugin:79 - create IPUIPlugin
2022-09-16 09:26:46,605 [INFO] PluginManager:217 - loadIPPluginJar : add touchsensing
2022-09-16 09:26:46,607 [INFO] IPUIPlugin:79 - create IPUIPlugin
2022-09-16 09:26:46,608 [INFO] PluginManager:217 - loadIPPluginJar : add tracer_emb
2022-09-16 09:26:46,610 [INFO] IPUIPlugin:79 - create IPUIPlugin
2022-09-16 09:26:46,610 [INFO] PluginManager:217 - loadIPPluginJar : add ts
2022-09-16 09:26:46,612 [INFO] IPUIPlugin:79 - create IPUIPlugin
2022-09-16 09:26:46,612 [INFO] PluginManager:217 - loadIPPluginJar : add tsc
2022-09-16 09:26:46,614 [INFO] IPUIPlugin:79 - create IPUIPlugin
2022-09-16 09:26:46,615 [INFO] PluginManager:217 - loadIPPluginJar : add ucpd
2022-09-16 09:26:46,617 [INFO] IPUIPlugin:79 - create IPUIPlugin
2022-09-16 09:26:46,617 [INFO] PluginManager:217 - loadIPPluginJar : add usart
2022-09-16 09:26:46,620 [INFO] IPUIPlugin:79 - create IPUIPlugin
2022-09-16 09:26:46,620 [INFO] PluginManager:217 - loadIPPluginJar : add usbx
2022-09-16 09:26:46,893 [FATAL] Updater:301 - Updater called before beeing initialized
2022-09-16 09:26:47,032 [FATAL] Updater:301 - Updater called before beeing initialized
2022-09-16 09:26:47,041 [INFO] DbMcusAds:52 - JSON generation date=Thu Sep 30 09:55:09 TRT 2021 (1632984909265)
2022-09-16 09:26:47,042 [FATAL] Updater:301 - Updater called before beeing initialized
2022-09-16 09:26:47,082 [WARN] DetailPanel:344 - Failed to get advertising image, set to default
2022-09-16 09:26:47,222 [FATAL] Updater:301 - Updater called before beeing initialized
2022-09-16 09:26:47,224 [FATAL] Updater:301 - Updater called before beeing initialized
2022-09-16 09:26:47,224 [FATAL] Updater:301 - Updater called before beeing initialized
2022-09-16 09:26:47,224 [WARN] DetailPanel:344 - Failed to get advertising image, set to default
2022-09-16 09:26:47,225 [FATAL] Updater:301 - Updater called before beeing initialized
2022-09-16 09:26:47,286 [ERROR] Updater:1105 - MainUpdater not yet initialized. External WinMGr cannot be set.
2022-09-16 09:26:47,289 [INFO] Updater:1041 - Updater Version found : 6.6.1
2022-09-16 09:26:47,304 [INFO] ApplicationProperties:181 - Using Application install path: C:\ST\STM32CubeIDE_1.10.1\STM32CubeIDE\plugins\com.st.stm32cube.common.mx_6.6.1.202207061420
2022-09-16 09:26:47,461 [INFO] MainUpdater:2768 - connection check result : 10
2022-09-16 09:26:47,462 [INFO] MainUpdater:280 - Updater Check For Update Now.
2022-09-16 09:26:47,462 [INFO] MicroXplorer:481 - Change Database Version : DB.6.0.60
2022-09-16 09:26:47,641 [INFO] CheckServerUpdateThread:119 - End of CheckServer Thread
2022-09-16 09:26:47,685 [INFO] MainUpdater:2768 - connection check result : 10
2022-09-16 09:26:47,961 [INFO] McuFinderGlobals:57 - Set McuFinderConnectedMode to true
2022-09-16 09:26:47,970 [INFO] MultiScanPanel:195 - Auto-refresh data requested => check proxy status ongoing
2022-09-16 09:26:47,976 [INFO] FinderPluginLoader:92 - Searching for filters in installed packs
2022-09-16 09:26:48,133 [INFO] ApiDb:576 - Connected to CubeFinder SQLite database (C:\Users\hasan\.stmcufinder\plugins\mcufinder\mcu\cube-finder-db.db)
2022-09-16 09:26:48,166 [INFO] ApiDb:663 - CubeFinder database Data Model version=2.1
2022-09-16 09:26:48,166 [INFO] ApiDb:664 - CubeFinder database Configuration version=3.0.32
2022-09-16 09:26:48,166 [INFO] ApiDb:665 - CubeFinder database generation date=2022-08-05 (1659688109)
2022-09-16 09:26:48,166 [INFO] ApiDb:666 - CubeFinder database FW Pack versions=[STM32Cube_FW_C0_V1.0.0, STM32Cube_FW_F4_V1.27.1, STM32Cube_FW_F7_V1.17.0, STM32Cube_FW_G0_V1.6.1, STM32Cube_FW_G4_V1.5.0, STM32Cube_FW_H7_V1.10.0, STM32Cube_FW_L5_V1.4.0, STM32Cube_FW_U5_V1.1.1, STM32Cube_FW_WB_V1.14.1, STM32Cube_FW_WL_V1.2.0, X-CUBE-ALGOBUILD_V1.3.0, X-CUBE-ALS_V1.0.1, X-CUBE-AZRTOS-F4_V1.1.0, X-CUBE-AZRTOS-F7_V1.1.0, X-CUBE-AZRTOS-G0_V1.1.0, X-CUBE-AZRTOS-G4_V1.0.0, X-CUBE-AZRTOS-H7_V2.1.0, X-CUBE-AZRTOS-L4_V1.0.0, X-CUBE-AZRTOS-L5_V1.0.0, X-CUBE-AZRTOS-WL_V1.0.0, X-CUBE-BLE1_V6.2.3, X-CUBE-BLE2_V3.3.0, X-CUBE-EEPRMA1_V3.1.1, X-CUBE-GNSS1_V6.0.0, X-CUBE-MEMS1_V9.1.0, X-CUBE-MEMS1_V9.3.0, X-CUBE-NFC4_V2.0.4, X-CUBE-NFC7_V1.0.0, X-CUBE-SFXS2LP1_V4.0.0, X-CUBE-SUBG2_V5.0.0]
2022-09-16 09:26:49,123 [WARN] PackLoader:242 - Cannot read IP mode file for STMicroelectronics.X-CUBE-GNSS1.6.0.0
2022-09-16 09:26:49,160 [WARN] PackLoader:242 - Cannot read IP mode file for STMicroelectronics.X-CUBE-AZRTOS-F4.1.1.0
2022-09-16 09:26:49,196 [WARN] PackLoader:242 - Cannot read IP mode file for STMicroelectronics.X-CUBE-AZRTOS-F7.1.1.0
2022-09-16 09:26:49,215 [WARN] PackLoader:242 - Cannot read IP mode file for STMicroelectronics.X-CUBE-BLE1.6.2.3
2022-09-16 09:26:49,225 [WARN] PackLoader:242 - Cannot read IP mode file for STMicroelectronics.X-CUBE-NFC4.2.0.4
2022-09-16 09:26:49,241 [WARN] PackLoader:242 - Cannot read IP mode file for STMicroelectronics.X-CUBE-TOF1.3.1.0
2022-09-16 09:26:49,256 [WARN] PackLoader:242 - Cannot read IP mode file for wolfSSL.I-CUBE-wolfSSL.5.5.0
2022-09-16 09:26:49,262 [WARN] PackLoader:242 - Cannot read IP mode file for STMicroelectronics.X-CUBE-NFC7.1.0.0
2022-09-16 09:26:49,336 [WARN] PackLoader:242 - Cannot read IP mode file for STMicroelectronics.X-CUBE-MEMS1.9.3.0
2022-09-16 09:26:49,536 [WARN] PackLoader:242 - Cannot read IP mode file for STMicroelectronics.X-CUBE-AI.7.2.0
2022-09-16 09:26:49,547 [WARN] PackLoader:242 - Cannot read IP mode file for STMicroelectronics.X-CUBE-SFXS2LP1.4.0.0
2022-09-16 09:26:49,554 [WARN] PackLoader:242 - Cannot read IP mode file for STMicroelectronics.X-CUBE-BLE2.3.3.0
2022-09-16 09:26:49,568 [WARN] PackLoader:242 - Cannot read IP mode file for STMicroelectronics.X-CUBE-DISPLAY.2.2.0
2022-09-16 09:26:49,575 [WARN] PackLoader:242 - Cannot read IP mode file for STMicroelectronics.X-CUBE-ISPU.1.0.0
2022-09-16 09:26:49,585 [WARN] PackLoader:242 - Cannot read IP mode file for RoweBots.I-CUBE-UNISONRTOS.5.5.0-4
2022-09-16 09:26:49,605 [WARN] PackLoader:242 - Cannot read IP mode file for STMicroelectronics.X-CUBE-AZRTOS-H7.2.1.0
2022-09-16 09:26:49,616 [WARN] PackLoader:242 - Cannot read IP mode file for STMicroelectronics.X-CUBE-BLEMGR.1.0.0
2022-09-16 09:26:49,624 [WARN] PackLoader:242 - Cannot read IP mode file for STMicroelectronics.X-CUBE-ALGOBUILD.1.3.0
2022-09-16 09:26:49,640 [WARN] PackLoader:242 - Cannot read IP mode file for STMicroelectronics.X-CUBE-AZRTOS-G0.1.1.0
2022-09-16 09:26:49,653 [WARN] PackLoader:242 - Cannot read IP mode file for STMicroelectronics.X-CUBE-SUBG2.5.0.0
2022-09-16 09:26:49,710 [WARN] PackLoader:242 - Cannot read IP mode file for SEGGER.I-CUBE-embOS.1.2.0
2022-09-16 09:26:49,751 [WARN] PackLoader:242 - Cannot read IP mode file for STMicroelectronics.FP-ATR-ASTRA1.1.1.1
2022-09-16 09:26:49,763 [WARN] PackLoader:242 - Cannot read IP mode file for STMicroelectronics.X-CUBE-AZRTOS-G4.1.0.0
2022-09-16 09:26:49,780 [WARN] PackLoader:242 - Cannot read IP mode file for STMicroelectronics.X-CUBE-AZRTOS-L4.1.0.0
2022-09-16 09:26:49,790 [WARN] PackLoader:242 - Cannot read IP mode file for emotas.I-CUBE-CANOPEN.1.1.2
2022-09-16 09:26:49,794 [WARN] PackLoader:242 - Cannot read IP mode file for STMicroelectronics.X-CUBE-TOUCHGFX.4.20.0
2022-09-16 09:26:49,805 [WARN] PackLoader:242 - Cannot read IP mode file for STMicroelectronics.X-CUBE-AZRTOS-WL.1.0.0
2022-09-16 09:26:49,811 [WARN] PackLoader:242 - Cannot read IP mode file for portGmbH.I-Cube-SoM-uGOAL.1.1.0
2022-09-16 09:26:49,815 [WARN] PackLoader:242 - Cannot read IP mode file for STMicroelectronics.X-CUBE-ALS.1.0.1
2022-09-16 09:26:49,830 [WARN] PackLoader:242 - Cannot read IP mode file for STMicroelectronics.X-CUBE-AZRTOS-L5.1.0.0
2022-09-16 09:26:49,838 [WARN] PackLoader:242 - Cannot read IP mode file for STMicroelectronics.X-CUBE-EEPRMA1.3.1.1
2022-09-16 09:26:49,840 [INFO] ThirdParty:929 - Integrity check success = true
2022-09-16 09:26:49,840 [INFO] IntegrityCheckThread:98 - exiting critical section [integrity check]
2022-09-16 09:26:49,841 [INFO] IntegrityCheckThread:101 - End integrity checks thread
2022-09-16 09:26:50,201 [INFO] ApiDb:239 - Found 138 in-development CPN: [B-WB1M-WPAN1, NUCLEO-C031C6, STEVAL-STWINBX1, STM320518-EVAL, STM32C0116-DK, STM32C011D6Y3TR, STM32C011D6Y6TR, STM32C011F4P3, STM32C011F4P6, STM32C011F4U3, STM32C011F4U6TR, STM32C011F6P3, STM32C011F6P6, STM32C011F6U3, STM32C011F6U6TR, STM32C011J4M3, STM32C011J4M6, STM32C011J6M3, STM32C011J6M6, STM32C0316-DK, STM32C031C4T3, STM32C031C4T6, STM32C031C4U3, STM32C031C4U6, STM32C031C6T3, STM32C031C6T6, STM32C031C6U3, STM32C031C6U6, STM32C031F4P3, STM32C031F4P6, STM32C031F6P3, STM32C031F6P6, STM32C031G4U3, STM32C031G4U6, STM32C031G6U3, STM32C031G6U6, STM32C031K4T3, STM32C031K4T6, STM32C031K4U3, STM32C031K4U6, STM32C031K6T3, STM32C031K6T6, STM32C031K6U3, STM32C031K6U6, STM32G071K8TXN, STM32G071K8UXN, STM32G081GBU6N, STM32G081KBT6N, STM32G081KBUXN, STM32G0B1CCT6N, STM32G0B1KCT6, STM32G0B1NEY6TR, STM32G0B1RCT6N, STM32G0C1CCT6, STM32G0C1CCT6N, STM32G0C1CCU6N, STM32G0C1CET6N, STM32G0C1CEU6N, STM32G0C1KCT6, STM32G0C1NEY6TR, STM32G0C1RCI6N, STM32G0C1RCT6N, STM32G0C1REI6N, STM32G0C1RET6N, STM32G0C1VCI6, STM32G0C1VEI6, STM32G471CCT6, STM32G471CCU6, STM32G471CET3, STM32G471CET6, STM32G471CEU3, STM32G471CEU6, STM32G471MCT6, STM32G471MET3, STM32G471MET6, STM32G471MEY6TR, STM32G471QCT6, STM32G471QET3, STM32G471RCT6, STM32G471RET3, STM32G471RET6, STM32G471VCH6, STM32G471VCI6, STM32G471VCT6, STM32G471VEH3, STM32G471VEH6, STM32G471VEI3, STM32G471VEI6, STM32G471VET3, STM32G471VET6, STM32G474CCT6, STM32L476VGY6PTR, STM32L4R5QGI6STR, STM32MP131AAE3, STM32MP131AAF3, STM32MP131AAG3, STM32MP131CAE3, STM32MP131CAF3, STM32MP131CAG3, STM32MP131DAE7, STM32MP131DAF7, STM32MP131DAG7, STM32MP131FAE7, STM32MP131FAF7, STM32MP131FAG7, STM32MP133AAE3, STM32MP133AAF3, STM32MP133AAG3, STM32MP133CAE3, STM32MP133CAF3, STM32MP133CAG3, STM32MP133DAE7, STM32MP133DAF7, STM32MP133DAG7, STM32MP133FAE7, STM32MP133FAF7, STM32MP133FAG7, STM32MP135AAE3, STM32MP135AAF3, STM32MP135AAG3, STM32MP135CAE3, STM32MP135CAF3, STM32MP135CAG3, STM32MP135DAE7, STM32MP135DAF7, STM32MP135DAG7, STM32MP135F-DK, STM32MP135FAE7, STM32MP135FAF7, STM32MP135FAG7, STM32U595ZJT6Q, STM32U599BJY6QTR, STM32U599NIH6Q, STM32U599NJH6Q, STM32U5A5ZJT6Q, STM32U5A9BJY6QTR, STM32U5A9NJH6Q, STM32WB1MMCH6]
2022-09-16 09:26:50,206 [INFO] DbMcus:215 - Found 3542 MCUs, 3542 are supported
2022-09-16 09:26:50,209 [INFO] ApiDb:418 - Load user favorites file C:\Users\hasan/.stm32cubeide/favorites.mcus.txt: 0 item(s)
2022-09-16 09:26:50,209 [INFO] ApiDb:422 - User favorites MCUs=[]
2022-09-16 09:26:50,210 [INFO] DbMcus:221 - Set 0 / 0 favorites MCUs
2022-09-16 09:26:51,509 [INFO] LoadUrlFilesThread:177 - End of LoadServerUrlFiles without Thread
2022-09-16 09:26:51,529 [INFO] DetailPanel:339 - Set advertising image to C:/Users/hasan/STM32Cube/Repository/\en.Prom_NBSTM32U50921.jpg
2022-09-16 09:26:52,180 [INFO] MultiScanPanel:778 - Auto Refresh Data is not needed
2022-09-16 09:26:52,190 [INFO] ApiDb:663 - CubeFinder database Data Model version=2.1
2022-09-16 09:26:52,190 [INFO] ApiDb:664 - CubeFinder database Configuration version=3.0.32
2022-09-16 09:26:52,190 [INFO] ApiDb:665 - CubeFinder database generation date=2022-08-05 (1659688109)
2022-09-16 09:26:52,190 [INFO] ApiDb:666 - CubeFinder database FW Pack versions=[STM32Cube_FW_C0_V1.0.0, STM32Cube_FW_F4_V1.27.1, STM32Cube_FW_F7_V1.17.0, STM32Cube_FW_G0_V1.6.1, STM32Cube_FW_G4_V1.5.0, STM32Cube_FW_H7_V1.10.0, STM32Cube_FW_L5_V1.4.0, STM32Cube_FW_U5_V1.1.1, STM32Cube_FW_WB_V1.14.1, STM32Cube_FW_WL_V1.2.0, X-CUBE-ALGOBUILD_V1.3.0, X-CUBE-ALS_V1.0.1, X-CUBE-AZRTOS-F4_V1.1.0, X-CUBE-AZRTOS-F7_V1.1.0, X-CUBE-AZRTOS-G0_V1.1.0, X-CUBE-AZRTOS-G4_V1.0.0, X-CUBE-AZRTOS-H7_V2.1.0, X-CUBE-AZRTOS-L4_V1.0.0, X-CUBE-AZRTOS-L5_V1.0.0, X-CUBE-AZRTOS-WL_V1.0.0, X-CUBE-BLE1_V6.2.3, X-CUBE-BLE2_V3.3.0, X-CUBE-EEPRMA1_V3.1.1, X-CUBE-GNSS1_V6.0.0, X-CUBE-MEMS1_V9.1.0, X-CUBE-MEMS1_V9.3.0, X-CUBE-NFC4_V2.0.4, X-CUBE-NFC7_V1.0.0, X-CUBE-SFXS2LP1_V4.0.0, X-CUBE-SUBG2_V5.0.0]
2022-09-16 09:26:52,258 [INFO] DbBoardsSqlite:227 - include board P-NUCLEO-WB55-NUCLEO as a kit item of type 'Nucleo-64'
2022-09-16 09:26:52,258 [INFO] DbBoardsSqlite:227 - include board P-NUCLEO-WB55-USBDONGLE as a kit item of type 'Nucleo USB Dongle'
2022-09-16 09:26:52,258 [INFO] DbBoardsSqlite:227 - include board STEVAL-IDP005V1 as a kit item of type 'Evaluation Board'
2022-09-16 09:26:52,259 [INFO] DbBoardsSqlite:227 - include board STEVAL-IDP005V2 as a kit item of type 'Evaluation Board'
2022-09-16 09:26:52,270 [INFO] ApiDb:239 - Found 138 in-development CPN: [B-WB1M-WPAN1, NUCLEO-C031C6, STEVAL-STWINBX1, STM320518-EVAL, STM32C0116-DK, STM32C011D6Y3TR, STM32C011D6Y6TR, STM32C011F4P3, STM32C011F4P6, STM32C011F4U3, STM32C011F4U6TR, STM32C011F6P3, STM32C011F6P6, STM32C011F6U3, STM32C011F6U6TR, STM32C011J4M3, STM32C011J4M6, STM32C011J6M3, STM32C011J6M6, STM32C0316-DK, STM32C031C4T3, STM32C031C4T6, STM32C031C4U3, STM32C031C4U6, STM32C031C6T3, STM32C031C6T6, STM32C031C6U3, STM32C031C6U6, STM32C031F4P3, STM32C031F4P6, STM32C031F6P3, STM32C031F6P6, STM32C031G4U3, STM32C031G4U6, STM32C031G6U3, STM32C031G6U6, STM32C031K4T3, STM32C031K4T6, STM32C031K4U3, STM32C031K4U6, STM32C031K6T3, STM32C031K6T6, STM32C031K6U3, STM32C031K6U6, STM32G071K8TXN, STM32G071K8UXN, STM32G081GBU6N, STM32G081KBT6N, STM32G081KBUXN, STM32G0B1CCT6N, STM32G0B1KCT6, STM32G0B1NEY6TR, STM32G0B1RCT6N, STM32G0C1CCT6, STM32G0C1CCT6N, STM32G0C1CCU6N, STM32G0C1CET6N, STM32G0C1CEU6N, STM32G0C1KCT6, STM32G0C1NEY6TR, STM32G0C1RCI6N, STM32G0C1RCT6N, STM32G0C1REI6N, STM32G0C1RET6N, STM32G0C1VCI6, STM32G0C1VEI6, STM32G471CCT6, STM32G471CCU6, STM32G471CET3, STM32G471CET6, STM32G471CEU3, STM32G471CEU6, STM32G471MCT6, STM32G471MET3, STM32G471MET6, STM32G471MEY6TR, STM32G471QCT6, STM32G471QET3, STM32G471RCT6, STM32G471RET3, STM32G471RET6, STM32G471VCH6, STM32G471VCI6, STM32G471VCT6, STM32G471VEH3, STM32G471VEH6, STM32G471VEI3, STM32G471VEI6, STM32G471VET3, STM32G471VET6, STM32G474CCT6, STM32L476VGY6PTR, STM32L4R5QGI6STR, STM32MP131AAE3, STM32MP131AAF3, STM32MP131AAG3, STM32MP131CAE3, STM32MP131CAF3, STM32MP131CAG3, STM32MP131DAE7, STM32MP131DAF7, STM32MP131DAG7, STM32MP131FAE7, STM32MP131FAF7, STM32MP131FAG7, STM32MP133AAE3, STM32MP133AAF3, STM32MP133AAG3, STM32MP133CAE3, STM32MP133CAF3, STM32MP133CAG3, STM32MP133DAE7, STM32MP133DAF7, STM32MP133DAG7, STM32MP133FAE7, STM32MP133FAF7, STM32MP133FAG7, STM32MP135AAE3, STM32MP135AAF3, STM32MP135AAG3, STM32MP135CAE3, STM32MP135CAF3, STM32MP135CAG3, STM32MP135DAE7, STM32MP135DAF7, STM32MP135DAG7, STM32MP135F-DK, STM32MP135FAE7, STM32MP135FAF7, STM32MP135FAG7, STM32U595ZJT6Q, STM32U599BJY6QTR, STM32U599NIH6Q, STM32U599NJH6Q, STM32U5A5ZJT6Q, STM32U5A9BJY6QTR, STM32U5A9NJH6Q, STM32WB1MMCH6]
2022-09-16 09:26:52,382 [INFO] BoardInfo:879 - No configuration file found for board P-NUCLEO-WB55
2022-09-16 09:26:52,382 [INFO] DbBoards:156 - Kit is not supported: P-NUCLEO-WB55
2022-09-16 09:26:52,386 [INFO] BoardInfo:879 - No configuration file found for board STEVAL-BFA001V1B
2022-09-16 09:26:52,386 [INFO] DbBoards:156 - Kit is not supported: STEVAL-BFA001V1B
2022-09-16 09:26:52,387 [INFO] BoardInfo:879 - No configuration file found for board STEVAL-BFA001V2B
2022-09-16 09:26:52,387 [INFO] DbBoards:156 - Kit is not supported: STEVAL-BFA001V2B
2022-09-16 09:26:52,543 [INFO] DbBoards:160 - Found 176 boards, 173 are supported
2022-09-16 09:26:52,548 [INFO] ApiDb:418 - Load user favorites file C:\Users\hasan/.stm32cubeide/favorites.boards.txt: 2 item(s)
2022-09-16 09:26:52,549 [INFO] ApiDb:422 - User favorites Boards=[NUCLEO-L010RB, STM32F0DISCOVERY]
2022-09-16 09:26:52,549 [INFO] DbBoards:189 - Set 2 / 2 favorites Boards
2022-09-16 09:27:04,970 [ERROR] LogOutputStream:74 - [STDERR_REDIRECT] SLF4J: Failed to load class "org.slf4j.impl.StaticLoggerBinder".
2022-09-16 09:27:04,971 [ERROR] LogOutputStream:74 - [STDERR_REDIRECT] SLF4J: Defaulting to no-operation (NOP) logger implementation
2022-09-16 09:27:04,973 [ERROR] LogOutputStream:74 - [STDERR_REDIRECT] SLF4J: See http://www.slf4j.org/codes.html#StaticLoggerBinder for further details.
2022-09-16 09:27:14,221 [INFO] MultiScanPanel:195 - Auto-refresh data requested => check proxy status ongoing
2022-09-16 09:27:14,387 [INFO] LoadUrlFilesThread:177 - End of LoadServerUrlFiles without Thread
2022-09-16 09:27:14,387 [INFO] DetailPanel:339 - Set advertising image to C:/Users/hasan/STM32Cube/Repository/\en.Prom_NBSTM32U50921.jpg
2022-09-16 09:27:14,399 [INFO] DbBoards:628 - Loading board mini-images...
2022-09-16 09:27:14,688 [ERROR] DbBoards:648 - No image file defined for board B-WB1M-WPAN1
2022-09-16 09:27:14,688 [ERROR] DbBoards:648 - No image file defined for board NUCLEO-C031C6
2022-09-16 09:27:15,576 [ERROR] DbBoards:648 - No image file defined for board STEVAL-STWINBX1
2022-09-16 09:27:15,616 [ERROR] DbBoards:648 - No image file defined for board STM32091C-EVAL
2022-09-16 09:27:15,616 [ERROR] DbBoards:648 - No image file defined for board STM32100E-EVAL
2022-09-16 09:27:15,616 [ERROR] DbBoards:648 - No image file defined for board STM3210C-EVAL
2022-09-16 09:27:15,626 [ERROR] DbBoards:648 - No image file defined for board STM3221G-EVAL
2022-09-16 09:27:15,626 [ERROR] DbBoards:648 - No image file defined for board STM32303C-EVAL
2022-09-16 09:27:15,687 [ERROR] DbBoards:648 - No image file defined for board STM32479I-EVAL
2022-09-16 09:27:15,687 [ERROR] DbBoards:648 - No image file defined for board STM32746G-EVAL2
2022-09-16 09:27:15,702 [ERROR] DbBoards:648 - No image file defined for board STM32C0116-DK
2022-09-16 09:27:15,702 [ERROR] DbBoards:648 - No image file defined for board STM32C0316-DK
2022-09-16 09:27:15,727 [ERROR] DbBoards:648 - No image file defined for board STM32F401C-DISCO
2022-09-16 09:27:15,792 [ERROR] DbBoards:648 - No image file defined for board STM32F7308-DK
2022-09-16 09:27:15,835 [ERROR] DbBoards:648 - No image file defined for board STM32F779I-EVAL
2022-09-16 09:27:16,002 [ERROR] DbBoards:648 - No image file defined for board STM32H747I-EVAL
2022-09-16 09:27:16,032 [ERROR] DbBoards:648 - No image file defined for board STM32L-DISCOVERY
2022-09-16 09:27:16,059 [ERROR] DbBoards:648 - No image file defined for board STM32L152D-EVAL
2022-09-16 09:27:16,158 [ERROR] DbBoards:648 - No image file defined for board STM32MP135F-DK
2022-09-16 09:27:16,306 [INFO] DbBoards:651 - Loaded 157 board mini-images
2022-09-16 09:27:16,400 [INFO] MultiScanPanel:778 - Auto Refresh Data is not needed
2022-09-16 09:28:26,854 [INFO] MainUpdater:2768 - connection check result : 10
2022-09-16 09:28:26,855 [INFO] MainUpdater:2768 - connection check result : 10
2022-09-16 09:28:26,876 [INFO] MicroXplorer:451 - Change Database Path : 
2022-09-16 09:28:26,876 [INFO] MicroXplorer:481 - Change Database Version : DB.6.0.60
2022-09-16 09:28:26,877 [WARN] ThirdParty:827 - waiting for thirdparty lock release [close project]
2022-09-16 09:28:26,877 [INFO] ThirdParty:829 - entering critical section [close project]
2022-09-16 09:28:26,878 [INFO] ThirdParty:839 - exiting critical section [close project]
2022-09-16 09:28:26,889 [INFO] PinOutPanel:1468 - setPackage(No Configuration,No Configuration)
2022-09-16 09:28:26,898 [INFO] UtilMem:74 - Begin LoadConfig() Used Memory: 565907168 Bytes (577765376)
2022-09-16 09:28:26,900 [INFO] OpenFileManager:307 - Change cursor
2022-09-16 09:28:26,943 [INFO] ProjectFactory:399 - No CPN specified for board STM32F0DISCOVERY => set CPN to STM32F051R8T6
2022-09-16 09:28:26,943 [INFO] Mcu:1922 - Initializing MCU STM32F051R8Tx STM32F051R8Tx STM32F051R8T6
2022-09-16 09:28:28,534 [INFO] Context:654 - Trying to add GPIOservice into a context  which must be forbidden
2022-09-16 09:28:28,991 [INFO] Rule:225 - rule 117617 - U5Cobra4M][GTZC] default value MPCBB3 and MPCBB5 - Not Secured memory - MPCBB1 is applicable
2022-09-16 09:28:28,991 [INFO] Rule:225 - rule 117617 - U5Cobra4M][GTZC] default value MPCBB3 and MPCBB5 - Not Secured memory - MPCBB1 is applicable
2022-09-16 09:28:28,991 [INFO] Rule:225 - rule 117617 - U5Cobra4M][GTZC] default value MPCBB3 and MPCBB5 - Not Secured memory - MPCBB2 is applicable
2022-09-16 09:28:28,992 [INFO] Rule:225 - rule 117617 - U5Cobra4M][GTZC] default value MPCBB3 and MPCBB5 - Not Secured memory - MPCBB2 is applicable
2022-09-16 09:28:28,992 [INFO] Rule:225 - rule 117617 - U5Cobra4M][GTZC] default value MPCBB3 and MPCBB5 - Not Secured memory - MPCBB3 is applicable
2022-09-16 09:28:28,992 [INFO] Rule:225 - rule 117617 - U5Cobra4M][GTZC] default value MPCBB3 and MPCBB5 - Not Secured memory - MPCBB3 is applicable
2022-09-16 09:28:28,992 [INFO] Rule:225 - rule 117617 - U5Cobra4M][GTZC] default value MPCBB3 and MPCBB5 - Not Secured memory - MPCBB4 is applicable
2022-09-16 09:28:28,992 [INFO] Rule:225 - rule 117617 - U5Cobra4M][GTZC] default value MPCBB3 and MPCBB5 - Not Secured memory - MPCBB4 is applicable
2022-09-16 09:28:28,992 [INFO] Rule:225 - rule 117617 - U5Cobra4M][GTZC] default value MPCBB3 and MPCBB5 - Secured memory - MPCBB1 is applicable
2022-09-16 09:28:28,992 [INFO] Rule:225 - rule 117617 - U5Cobra4M][GTZC] default value MPCBB3 and MPCBB5 - Secured memory - MPCBB2 is applicable
2022-09-16 09:28:28,992 [INFO] Rule:225 - rule 117617 - U5Cobra4M][GTZC] default value MPCBB3 and MPCBB5 - Secured memory - MPCBB3 is applicable
2022-09-16 09:28:28,992 [INFO] Rule:225 - rule 117617 - U5Cobra4M][GTZC] default value MPCBB3 and MPCBB5 - Secured memory - MPCBB4 is applicable
2022-09-16 09:28:28,992 [INFO] Rule:225 - rule 117617 - U5Cobra4M][GTZC] default value MPCBB3 and MPCBB5 - Privileged memory - MPCBB1 is applicable
2022-09-16 09:28:28,993 [INFO] Rule:225 - rule 117617 - U5Cobra4M][GTZC] default value MPCBB3 and MPCBB5 - Privileged memory - MPCBB2 is applicable
2022-09-16 09:28:28,993 [INFO] Rule:225 - rule 117617 - U5Cobra4M][GTZC] default value MPCBB3 and MPCBB5 - Privileged memory - MPCBB3 is applicable
2022-09-16 09:28:28,993 [INFO] Rule:225 - rule 117617 - U5Cobra4M][GTZC] default value MPCBB3 and MPCBB5 - Privileged memory - MPCBB4 is applicable
2022-09-16 09:28:28,993 [INFO] Rule:225 - rule 117617 - U5Cobra4M][GTZC] default value MPCBB3 and MPCBB5 - Not Privileged memory - MPCBB1 is applicable
2022-09-16 09:28:28,999 [INFO] Rule:225 - rule 117617 - U5Cobra4M][GTZC] default value MPCBB3 and MPCBB5 - Not Privileged memory - MPCBB2 is applicable
2022-09-16 09:28:28,999 [INFO] Rule:225 - rule 117617 - U5Cobra4M][GTZC] default value MPCBB3 and MPCBB5 - Not Privileged memory - MPCBB3 is applicable
2022-09-16 09:28:28,999 [INFO] Rule:225 - rule 117617 - U5Cobra4M][GTZC] default value MPCBB3 and MPCBB5 - Not Privileged memory - MPCBB4 is applicable
2022-09-16 09:28:28,999 [INFO] Rule:225 - rule 117617 - U5Cobra4M][GTZC] default value MPCBB3 and MPCBB5 - Privileged memory - MPCBB1 is applicable
2022-09-16 09:28:28,999 [INFO] Rule:225 - rule 117617 - U5Cobra4M][GTZC] default value MPCBB3 and MPCBB5 - Privileged memory - MPCBB2 is applicable
2022-09-16 09:28:28,999 [INFO] Rule:225 - rule 117617 - U5Cobra4M][GTZC] default value MPCBB3 and MPCBB5 - Privileged memory - MPCBB3 is applicable
2022-09-16 09:28:29,000 [INFO] Rule:225 - rule 117617 - U5Cobra4M][GTZC] default value MPCBB3 and MPCBB5 - Privileged memory - MPCBB4 is applicable
2022-09-16 09:28:29,000 [INFO] Rule:225 - rule 117617 - U5Cobra4M][GTZC] default value MPCBB3 and MPCBB5 - Privileged memory - MPCBB1 is applicable
2022-09-16 09:28:29,000 [INFO] Rule:225 - rule 117617 - U5Cobra4M][GTZC] default value MPCBB3 and MPCBB5 - Privileged memory - MPCBB2 is applicable
2022-09-16 09:28:29,000 [INFO] Rule:225 - rule 117617 - U5Cobra4M][GTZC] default value MPCBB3 and MPCBB5 - Privileged memory - MPCBB3 is applicable
2022-09-16 09:28:29,000 [INFO] Rule:225 - rule 117617 - U5Cobra4M][GTZC] default value MPCBB3 and MPCBB5 - Privileged memory - MPCBB4 is applicable
2022-09-16 09:28:29,000 [INFO] Rule:225 - rule 117617 - U5Cobra4M][GTZC] default value MPCBB3 and MPCBB5 - Not Privileged memory - MPCBB1 is applicable
2022-09-16 09:28:29,000 [INFO] Rule:225 - rule 117617 - U5Cobra4M][GTZC] default value MPCBB3 and MPCBB5 - Not Privileged memory - MPCBB2 is applicable
2022-09-16 09:28:29,000 [INFO] Rule:225 - rule 117617 - U5Cobra4M][GTZC] default value MPCBB3 and MPCBB5 - Not Privileged memory - MPCBB3 is applicable
2022-09-16 09:28:29,001 [INFO] Rule:225 - rule 117617 - U5Cobra4M][GTZC] default value MPCBB3 and MPCBB5 - Not Privileged memory - MPCBB4 is applicable
2022-09-16 09:28:29,001 [INFO] Rule:225 - rule 117617 - U5Cobra4M][GTZC] default value MPCBB3 and MPCBB5 - Privileged memory - MPCBB1 is applicable
2022-09-16 09:28:29,001 [INFO] Rule:225 - rule 117617 - U5Cobra4M][GTZC] default value MPCBB3 and MPCBB5 - Privileged memory - MPCBB2 is applicable
2022-09-16 09:28:29,001 [INFO] Rule:225 - rule 117617 - U5Cobra4M][GTZC] default value MPCBB3 and MPCBB5 - Privileged memory - MPCBB3 is applicable
2022-09-16 09:28:29,001 [INFO] Rule:225 - rule 117617 - U5Cobra4M][GTZC] default value MPCBB3 and MPCBB5 - Privileged memory - MPCBB4 is applicable
2022-09-16 09:28:29,002 [INFO] Rule:225 - rule Rename SubGHz_Phy SUBGHZ_APPLICATION SUBGHZ_PINGPONG to SUBGHZ_ADV_APPLICATION is applicable
2022-09-16 09:28:29,002 [INFO] Rule:225 - rule Rename Enabled to IBEACON is applicable
2022-09-16 09:28:29,002 [INFO] Rule:225 - rule GTZC_S instance for project manager is applicable
2022-09-16 09:28:29,002 [INFO] Rule:225 - rule GTZC_S instance for context M33S is applicable
2022-09-16 09:28:29,003 [INFO] Rule:225 - rule GTZC_S instance value for IP GTZC is applicable
2022-09-16 09:28:29,003 [INFO] Rule:225 - rule GTZC_S instance for mcu.IP is applicable
2022-09-16 09:28:29,003 [INFO] Rule:225 - rule GTZC_S instance for VP is applicable
2022-09-16 09:28:29,003 [INFO] Rule:225 - rule GTZC_S instance for signal is applicable
2022-09-16 09:28:29,003 [INFO] Rule:225 - rule GTZC_S instance for mcu.Pin is applicable
2022-09-16 09:28:29,004 [INFO] Rule:225 - rule GTZC_S instance for VP is applicable
2022-09-16 09:28:29,004 [INFO] Rule:225 - rule GTZC_S instance for signal is applicable
2022-09-16 09:28:29,004 [INFO] Rule:225 - rule GTZC_S instance for mcu is applicable
2022-09-16 09:28:29,004 [INFO] Rule:225 - rule GTZC_S instance for mcu.Pin is applicable
2022-09-16 09:28:29,004 [INFO] Rule:225 - rule GTZC_S instance value for IP GTZC is applicable
2022-09-16 09:28:29,005 [INFO] Rule:225 - rule GTZC_S instance for project manager is applicable
2022-09-16 09:28:29,005 [INFO] Rule:225 - rule GTZC_S instance for context M33S is applicable
2022-09-16 09:28:29,005 [INFO] Rule:225 - rule GTZC_S instance for VP is applicable
2022-09-16 09:28:29,005 [INFO] Rule:225 - rule GTZC_S instance for signal is applicable
2022-09-16 09:28:29,005 [INFO] Rule:225 - rule SPDIFRX instance for mcu is applicable
2022-09-16 09:28:29,006 [INFO] Rule:225 - rule Rename Tracer Mode is applicable
2022-09-16 09:28:29,006 [INFO] Rule:225 - rule SPDIFRX instance value for IP SPDIFRX is applicable
2022-09-16 09:28:29,006 [INFO] Rule:225 - rule SPDIFRX instance for signal is applicable
2022-09-16 09:28:29,006 [INFO] Rule:225 - rule SPDIFRX instance for project manager is applicable
2022-09-16 09:28:29,006 [INFO] Rule:225 - rule SPDIFRX instance for project manager is applicable
2022-09-16 09:28:29,007 [INFO] Rule:225 - rule ADC Scan  fix with FW F7 is applicable
2022-09-16 09:28:29,007 [INFO] Rule:225 - rule ADC Scan  fix with FW F7 is applicable
2022-09-16 09:28:29,007 [INFO] Rule:225 - rule Rename Comp Signal is applicable
2022-09-16 09:28:29,007 [INFO] Rule:225 - rule DMA-DAC mode for DIE422 is applicable
2022-09-16 09:28:29,007 [INFO] Rule:225 - rule DMA-DAC mode for DIE438 is applicable
2022-09-16 09:28:29,008 [INFO] Rule:225 - rule DMA-DAC mode for DIE432 or DIE446 is applicable
2022-09-16 09:28:29,008 [INFO] Rule:225 - rule DFSDM instance value for IP DFSDM is applicable
2022-09-16 09:28:29,008 [INFO] Rule:225 - rule DFSDM instance for mcu is applicable
2022-09-16 09:28:29,008 [INFO] Rule:225 - rule DFSDM instance for VP is applicable
2022-09-16 09:28:29,008 [INFO] Rule:225 - rule DFSDM instance for signal is applicable
2022-09-16 09:28:29,008 [INFO] Rule:225 - rule DFSDM instance for shared is applicable
2022-09-16 09:28:29,008 [INFO] Rule:225 - rule BreakInputSource parameter for IP Timer is applicable
2022-09-16 09:28:29,008 [INFO] Rule:225 - rule Sourcebreak parameter for IP Timer is applicable
2022-09-16 09:28:29,008 [INFO] Rule:225 - rule Sourcebreak parameter for IP Timer is applicable
2022-09-16 09:28:29,008 [INFO] Rule:225 - rule DFSDM for PCC is applicable
2022-09-16 09:28:29,008 [INFO] Rule:225 - rule Serial_Wire Mode is applicable
2022-09-16 09:28:29,009 [INFO] Rule:225 - rule JTAG_4_pins Mode is applicable
2022-09-16 09:28:29,009 [INFO] Rule:225 - rule JTAG_5_pins Mode is applicable
2022-09-16 09:28:29,009 [INFO] Rule:225 - rule Trace_Asynchronous_SW Mode is applicable
2022-09-16 09:28:29,009 [INFO] Rule:225 - rule Trace_Synchro_1bit_JTAG Mode is applicable
2022-09-16 09:28:29,009 [INFO] Rule:225 - rule Trace_Synchro_2bits_JTAG Mode is applicable
2022-09-16 09:28:29,009 [INFO] Rule:225 - rule Trace_Synchro_4bits_JTAG Mode is applicable
2022-09-16 09:28:29,009 [INFO] Rule:225 - rule Trace_Synchro_1bit_SW Mode is applicable
2022-09-16 09:28:29,009 [INFO] Rule:225 - rule Trace_Synchro_2bits_SW Mode is applicable
2022-09-16 09:28:29,009 [INFO] Rule:225 - rule Trace_Synchro_4bits_SW Mode is applicable
2022-09-16 09:28:29,009 [INFO] Rule:225 - rule SYS_WakeUp0 Mode is applicable
2022-09-16 09:28:29,009 [INFO] Rule:225 - rule SYS_WakeUp0 Mode for STM32F446 is applicable
2022-09-16 09:28:29,010 [INFO] Rule:225 - rule SYS_WakeUp1 Mode is applicable
2022-09-16 09:28:29,010 [INFO] Rule:225 - rule SYS_WakeUp1 Mode for STM32F446 is applicable
2022-09-16 09:28:29,010 [INFO] Rule:225 - rule SYS_WakeUp2 Mode is applicable
2022-09-16 09:28:29,010 [INFO] Rule:225 - rule SYS_WakeUp3 Mode is applicable
2022-09-16 09:28:29,010 [INFO] Rule:225 - rule SYS_WakeUp4 Mode is applicable
2022-09-16 09:28:29,010 [INFO] Rule:225 - rule SYS_WakeUp5 Mode is applicable
2022-09-16 09:28:29,010 [INFO] Rule:225 - rule SYS_WakeUp6 Mode is applicable
2022-09-16 09:28:29,010 [INFO] Rule:225 - rule SYS_WakeUp7 Mode is applicable
2022-09-16 09:28:29,010 [INFO] Rule:225 - rule Mode_PVD_Ext is applicable
2022-09-16 09:28:29,010 [INFO] Rule:225 - rule Mode_PVD_Int is applicable
2022-09-16 09:28:29,011 [INFO] Rule:225 - rule Add RTC Activate Clock Source is applicable
2022-09-16 09:28:29,011 [INFO] Rule:225 - rule Add RTC Activate Calendar 1 is applicable
2022-09-16 09:28:29,011 [INFO] Rule:225 - rule Add RTC Activate Calendar 2 is applicable
2022-09-16 09:28:29,011 [INFO] Rule:225 - rule Add RTC Activate Calendar 3 is applicable
2022-09-16 09:28:29,011 [INFO] Rule:225 - rule UART/USART TX Mode is applicable
2022-09-16 09:28:29,011 [INFO] Rule:225 - rule UART/USART RX Mode is applicable
2022-09-16 09:28:29,011 [INFO] Rule:225 - rule UART/USART RX TX Mode is applicable
2022-09-16 09:28:29,011 [INFO] Rule:225 - rule UART/USART PARITY NONE is applicable
2022-09-16 09:28:29,011 [INFO] Rule:225 - rule UART/USART PARITY EVEN is applicable
2022-09-16 09:28:29,012 [INFO] Rule:225 - rule UART/USART PARITY ODD is applicable
2022-09-16 09:28:29,012 [INFO] Rule:225 - rule USART StopBits 1 is applicable
2022-09-16 09:28:29,012 [INFO] Rule:225 - rule USART StopBits 2 is applicable
2022-09-16 09:28:29,012 [INFO] Rule:225 - rule USART StopBits 1.5 is applicable
2022-09-16 09:28:29,012 [INFO] Rule:225 - rule USART StopBits 0.5 is applicable
2022-09-16 09:28:29,012 [INFO] Rule:225 - rule UART/USART WORD LENGTH 7 is applicable
2022-09-16 09:28:29,012 [INFO] Rule:225 - rule UART/USART WORD LENGTH 8 is applicable
2022-09-16 09:28:29,012 [INFO] Rule:225 - rule UART/USART WORD LENGTH 9 is applicable
2022-09-16 09:28:29,012 [INFO] Rule:225 - rule Rename FMC NAND NCE signal is applicable
2022-09-16 09:28:29,012 [INFO] Rule:225 - rule Rename FMC NAND INT signal is applicable
2022-09-16 09:28:29,013 [INFO] Rule:225 - rule Change Default Value for ADC Clock Prescaler G0 family is applicable
2022-09-16 09:28:29,013 [INFO] Rule:225 - rule Change Default Value for ADC ExternalTrigConv L4 family is applicable
2022-09-16 09:28:29,013 [INFO] Rule:225 - rule Change Default Value for ADC ExternalTrigInjecConv L4 family is applicable
2022-09-16 09:28:29,013 [INFO] Rule:225 - rule Change Default Value for ADC ExternalTrigConv F3 family is applicable
2022-09-16 09:28:29,013 [INFO] Rule:225 - rule Change Default Value for ADC ExternalTrigInjecConv F3 family is applicable
2022-09-16 09:28:29,013 [INFO] Rule:225 - rule Change Default Value for ADC ExternalTrigConv Goldfish serie is applicable
2022-09-16 09:28:29,014 [INFO] Rule:225 - rule Change Default Value for ADC ExternalTrigInjecConv Goldfish serie is applicable
2022-09-16 09:28:29,014 [INFO] Rule:225 - rule Change Default Value for ADC ExternalTrigConv L0 family is applicable
2022-09-16 09:28:29,014 [INFO] Rule:225 - rule Change Default Value for ADC ExternalTrigConv F0 family is applicable
2022-09-16 09:28:29,014 [INFO] Rule:225 - rule Change Default Value for ADC ExternalTrigConvn L1 family is applicable
2022-09-16 09:28:29,014 [INFO] Rule:225 - rule Change Default Value for ADC ExternalTrigInjecConv L1 family is applicable
2022-09-16 09:28:29,014 [INFO] Rule:225 - rule Change Default Value for ADC ExternalTrigConv F1 family is applicable
2022-09-16 09:28:29,014 [INFO] Rule:225 - rule Change Default Value for ADC ExternalTrigInjecConv F1 family is applicable
2022-09-16 09:28:29,014 [INFO] Rule:225 - rule Change Default Value for ADC ExternalTrigConv F7 family is applicable
2022-09-16 09:28:29,015 [INFO] Rule:225 - rule Change Default Value for ADC ExternalTrigInjecConv F7 family is applicable
2022-09-16 09:28:29,015 [INFO] Rule:225 - rule Change Default Value for ADC ExternalTrigConv F4 and F2 family is applicable
2022-09-16 09:28:29,015 [INFO] Rule:225 - rule Change Default Value for ADC ExternalTrigInjecConv F4 and F2 family is applicable
2022-09-16 09:28:29,015 [INFO] Rule:225 - rule ADC SamplingTime fix with FW L0  is applicable
2022-09-16 09:28:29,015 [INFO] Rule:225 - rule ADC SamplingTime fix with FW L0  is applicable
2022-09-16 09:28:29,015 [INFO] Rule:225 - rule ADC SamplingTime fix with FW L0 is applicable
2022-09-16 09:28:29,015 [INFO] Rule:225 - rule ADC SamplingTime fix with FW L0 is applicable
2022-09-16 09:28:29,015 [INFO] Rule:225 - rule ADC SamplingTime fix with FW L0  is applicable
2022-09-16 09:28:29,015 [INFO] Rule:225 - rule ADC SamplingTime fix with FW L0 is applicable
2022-09-16 09:28:29,015 [INFO] Rule:225 - rule Rename USB_OE Signal is applicable
2022-09-16 09:28:29,015 [INFO] Rule:225 - rule Rename Activate_OE Mode is applicable
2022-09-16 09:28:29,015 [INFO] Rule:225 - rule Rename DIE462/DIE415 pin PC14/OSC32_IN -> PC14-OSC32_IN (PC14) is applicable
2022-09-16 09:28:29,015 [INFO] Rule:225 - rule Rename DIE462/DIE415 pin PC15/OSC32_OUT -> PC15-OSC32_OUT (PC15) is applicable
2022-09-16 09:28:29,015 [INFO] Rule:225 - rule Rename DIE462/DIE415 pin PH0/OSC_IN -> PH0-OSC_IN (PH0) is applicable
2022-09-16 09:28:29,015 [INFO] Rule:225 - rule Rename DIE462/DIE415 pin PH1/OSC_OUT -> PH1-OSC_OUT (PH1) is applicable
2022-09-16 09:28:29,015 [INFO] Rule:225 - rule Rename DIE462 pin PA13 -> PA13 (JTMS/SWDIO) is applicable
2022-09-16 09:28:29,016 [INFO] Rule:225 - rule Rename DIE415 pin PA13 -> PA13 (JTMS/SWDIO) is applicable
2022-09-16 09:28:29,016 [INFO] Rule:225 - rule Rename DIE462 pin PA14 -> PA14 (JTCK/SWCLK) is applicable
2022-09-16 09:28:29,016 [INFO] Rule:225 - rule Rename DIE415 pin PA14 -> PA14 (JTCK/SWCLK) is applicable
2022-09-16 09:28:29,016 [INFO] Rule:225 - rule Rename DIE462/DIE415 pin PA15 -> PA15 (JTDI) is applicable
2022-09-16 09:28:29,016 [INFO] Rule:225 - rule Rename DIE462 pin PB3 -> PB3 (JTD0/TRACESWO) is applicable
2022-09-16 09:28:29,016 [INFO] Rule:225 - rule Rename DIE415 pin PB3 -> PB3 (JTD0-TRACESWO) is applicable
2022-09-16 09:28:29,016 [INFO] Rule:225 - rule Rename DIE462/DIE415 pin PB4 -> PB4 (NJTRST) is applicable
2022-09-16 09:28:29,016 [INFO] Rule:225 - rule Rename DIE462 pin PH3/BOOT0 -> PH3-BOOT0 (BOOT0) is applicable
2022-09-16 09:28:29,016 [INFO] Rule:225 - rule Rename CRYP DataEncryptionTypesList to Algorithm is applicable
2022-09-16 09:28:29,016 [INFO] Rule:225 - rule Rename AES DataEncryptionTypesList to Algorithm is applicable
2022-09-16 09:28:29,016 [INFO] Rule:225 - rule Rename TDESECB to CRYP_TDES_ECB is applicable
2022-09-16 09:28:29,016 [INFO] Rule:225 - rule Rename TDESCBC to CRYP_TDES_CBC is applicable
2022-09-16 09:28:29,016 [INFO] Rule:225 - rule Rename DESECB to CRYP_DES_ECB is applicable
2022-09-16 09:28:29,016 [INFO] Rule:225 - rule Rename DESCBC to CRYP_DES_CBC is applicable
2022-09-16 09:28:29,017 [INFO] Rule:225 - rule Rename AESECB to CRYP_AES_ECB is applicable
2022-09-16 09:28:29,017 [INFO] Rule:225 - rule Rename AESCBC to CRYP_AES_CBC is applicable
2022-09-16 09:28:29,017 [INFO] Rule:225 - rule Rename AESCTR to CRYP_AES_CTR is applicable
2022-09-16 09:28:29,017 [INFO] Rule:225 - rule Rename AESGCM to CRYP_AES_GCM is applicable
2022-09-16 09:28:29,017 [INFO] Rule:225 - rule Rename AESCCM to CRYP_AES_CCM is applicable
2022-09-16 09:28:29,017 [INFO] Rule:225 - rule Rename CAN TimeSeg1 to BS1 is applicable
2022-09-16 09:28:29,017 [INFO] Rule:225 - rule Rename CAN TimeSeg2 to BS2 is applicable
2022-09-16 09:28:29,017 [INFO] Rule:225 - rule Rename CAN SyncJumpWidth to SJW is applicable
2022-09-16 09:28:29,017 [INFO] Rule:225 - rule TimeTriggeredMode to TTCM is applicable
2022-09-16 09:28:29,017 [INFO] Rule:225 - rule Rename CAN AutoBusOff to ABOM is applicable
2022-09-16 09:28:29,017 [INFO] Rule:225 - rule Rename CAN AutoWakeUp to AWUM is applicable
2022-09-16 09:28:29,017 [INFO] Rule:225 - rule Rename CAN AutoRetransmission to NART is applicable
2022-09-16 09:28:29,018 [INFO] Rule:225 - rule Rename CAN ReceiveFifoLocked to RFLM is applicable
2022-09-16 09:28:29,018 [INFO] Rule:225 - rule Rename CAN TransmitFifoPriority to TXFP is applicable
2022-09-16 09:28:29,018 [INFO] Rule:225 - rule Rename HRTIMER HRTIM_OUTPUTFAULTLEVEL_HIGH in HRTIMER HRTIM_OUTPUTFAULTLEVEL_HIGHZ is applicable
2022-09-16 09:28:29,018 [INFO] Rule:225 - rule Rename TIMER TIM_CLEARINPUTSOURCE_OCREFCLR in  TIMER TIM_CLEARINPUTSOURCE_NONE for F7 family is applicable
2022-09-16 09:28:29,018 [INFO] Rule:225 - rule FDCAN_R1 - Rename FDCAN mode Master into Classic is applicable
2022-09-16 09:28:29,018 [INFO] Rule:225 - rule FDCAN_R2 - Rename FDCAN mode Slave into Classic is applicable
2022-09-16 09:28:29,018 [INFO] Rule:225 - rule FDCAN1_R3 - if PA10.Mode=FullDuplex, add Pin PA12 is applicable
2022-09-16 09:28:29,018 [INFO] Rule:225 - rule FDCAN1_R3 - if PA9.Mode=FullDuplex, add Pin PA11 is applicable
2022-09-16 09:28:29,018 [INFO] Rule:225 - rule FDCAN1_R3 - Alternatepin_1 - if PE1.Mode=FullDuplex, add Pin PB9 is applicable
2022-09-16 09:28:29,018 [INFO] Rule:225 - rule FDCAN1_R3 - Alternatepin_1 - if PE0.Mode=FullDuplex, add Pin PB8 is applicable
2022-09-16 09:28:29,018 [INFO] Rule:225 - rule FDCAN1_R3 - Alternatepin_2 - if PD5.Mode=FullDuplex, add Pin PD1 is applicable
2022-09-16 09:28:29,018 [INFO] Rule:225 - rule FDCAN1_R3 - Alternatepin_2 - if PD4.Mode=FullDuplex, add Pin PD0 is applicable
2022-09-16 09:28:29,018 [INFO] Rule:225 - rule FDCAN1_R4 - Rename Mode FullDuplex into Enable FDCAN_TXFD for pin PA10 is applicable
2022-09-16 09:28:29,018 [INFO] Rule:225 - rule FDCAN1_R4 - Rename Mode FullDuplex into Enable FDCAN_TXFD for pin PA9 is applicable
2022-09-16 09:28:29,018 [INFO] Rule:225 - rule FDCAN1_R4 - Alternatepin_1 - Rename Mode FullDuplex into Enable FDCAN_TXFD for pin PE1 is applicable
2022-09-16 09:28:29,019 [INFO] Rule:225 - rule FDCAN1_R4 - Alternatepin_1 - Rename Mode FullDuplex into Enable FDCAN_TXFD for pin PE0 is applicable
2022-09-16 09:28:29,019 [INFO] Rule:225 - rule FDCAN1_R4 - Alternatepin_2 - Rename Mode FullDuplex into Enable FDCAN_TXFD for pin PD5 is applicable
2022-09-16 09:28:29,019 [INFO] Rule:225 - rule FDCAN1_R4 - Alternatepin_2 - Rename Mode FullDuplex into Enable FDCAN_TXFD for pin PD4 is applicable
2022-09-16 09:28:29,019 [INFO] Rule:225 - rule FDCAN2_R3 - if PD10.Mode=FullDuplex, add Pin PB13 is applicable
2022-09-16 09:28:29,019 [INFO] Rule:225 - rule FDCAN2_R3 - if PD9.Mode=FullDuplex, add Pin PB12 is applicable
2022-09-16 09:28:29,019 [INFO] Rule:225 - rule FDCAN2_R3 - Alternatepin_1 - if PB7.Mode=FullDuplex, add Pin PB6 is applicable
2022-09-16 09:28:29,019 [INFO] Rule:225 - rule FDCAN2_R3 - Alternatepin_1 - if PD9.Mode=FullDuplex, add Pin PB12 is applicable
2022-09-16 09:28:29,019 [INFO] Rule:225 - rule FDCAN2_R4 - Rename Mode FullDuplex into Enable FDCAN_TXFD for pin PD10 is applicable
2022-09-16 09:28:29,019 [INFO] Rule:225 - rule FDCAN2_R4 - Rename Mode FullDuplex into Enable FDCAN_TXFD for pin PD9 is applicable
2022-09-16 09:28:29,019 [INFO] Rule:225 - rule FDCAN2_R4 - Alternatepin_1 - Rename Mode FullDuplex into Enable FDCAN_TXFD for pin PB7 is applicable
2022-09-16 09:28:29,019 [INFO] Rule:225 - rule FDCAN2_R4 - Alternatepin_1 - Rename Mode FullDuplex into Enable FDCAN_TXFD for pin PD6 is applicable
2022-09-16 09:28:29,019 [INFO] Rule:225 - rule USART TxPinLevelInvertParam Mode is applicable
2022-09-16 09:28:29,019 [INFO] Rule:225 - rule USART RxPinLevelInvertParam Mode is applicable
2022-09-16 09:28:29,019 [INFO] Rule:225 - rule USART DataInvertParam Mode is applicable
2022-09-16 09:28:29,020 [INFO] Rule:225 - rule USART SwapParam Mode is applicable
2022-09-16 09:28:29,020 [INFO] Rule:225 - rule USART OverrunDisableParam Mode is applicable
2022-09-16 09:28:29,020 [INFO] Rule:225 - rule USART DMADisableonRxErrorParam Mode is applicable
2022-09-16 09:28:29,020 [INFO] Rule:225 - rule USART MSBFirstParam Mode is applicable
2022-09-16 09:28:29,020 [INFO] Rule:225 - rule Update MwName for USB_DEVICE is applicable
2022-09-16 09:28:29,020 [INFO] Rule:225 - rule Change PWR_Regulator_Voltage_Scale Default Value for RCC  H7 family is applicable
2022-09-16 09:28:29,020 [INFO] Rule:225 - rule UART/USART IPParameter rename Prescaler parameter to ClockPrescaler is applicable
2022-09-16 09:28:29,020 [INFO] Rule:225 - rule UART/USART Prescaler rename Prescaler parameter to ClockPrescaler is applicable
2022-09-16 09:28:29,020 [INFO] Rule:225 - rule TIM1CLockSelection is applicable
2022-09-16 09:28:29,020 [INFO] Rule:225 - rule TIM15CLockSelection is applicable
2022-09-16 09:28:29,020 [INFO] Rule:225 - rule align RCC SDMMC3CLockSelection default value on MP1 is applicable
2022-09-16 09:28:29,020 [INFO] Rule:225 - rule align RCC SDMMC12CLockSelection default value on MP1 is applicable
2022-09-16 09:28:29,020 [INFO] Rule:225 - rule align RCC QSPICLockSelection default value on MP1 is applicable
2022-09-16 09:28:29,021 [INFO] Rule:225 - rule align RCC QSPICLockSelection default value on MP1 is applicable
2022-09-16 09:28:29,021 [INFO] Rule:225 - rule align RCC SPI6CLockSelection default value on MP1 is applicable
2022-09-16 09:28:29,021 [INFO] Rule:225 - rule align RCC LPTIM23CLockSelection default value on MP1 is applicable
2022-09-16 09:28:29,021 [INFO] Rule:225 - rule align RCC LPTIM1CLockSelection default value on MP1 is applicable
2022-09-16 09:28:29,021 [INFO] Rule:225 - rule align RCC USART1CLockSelection default value on MP1 is applicable
2022-09-16 09:28:29,021 [INFO] Rule:225 - rule align RCC USART24CLockSelection default value on MP1 is applicable
2022-09-16 09:28:29,021 [INFO] Rule:225 - rule align RCC USART6CLockSelection default value on MP1 is applicable
2022-09-16 09:28:29,021 [INFO] Rule:225 - rule align RCC UART78CLockSelection default value on MP1 is applicable
2022-09-16 09:28:29,021 [INFO] Rule:225 - rule align RCC USART35CLockSelection default value on MP1 is applicable
2022-09-16 09:28:29,021 [INFO] Rule:225 - rule align RCC SPI45CLockSelection default value on MP1 is applicable
2022-09-16 09:28:29,021 [INFO] Rule:225 - rule align RCC I2C46CLockSelection BCLK value on MP1 is applicable
2022-09-16 09:28:29,021 [INFO] Rule:225 - rule align RCC SPI45CLockSelection default value on MP1 is applicable
2022-09-16 09:28:29,021 [INFO] Rule:225 - rule align RCC I2C12CLockSelection default value on MP1 is applicable
2022-09-16 09:28:29,022 [INFO] Rule:225 - rule align RCC I2C35CLockSelection default value on MP1 is applicable
2022-09-16 09:28:29,022 [INFO] Rule:225 - rule align RCC LPTIM45CLockSelection default value on MP1 is applicable
2022-09-16 09:28:29,022 [INFO] Rule:225 - rule Rename DCMI PIXCK signal is applicable
2022-09-16 09:28:29,022 [INFO] Rule:225 - rule Change Default Value for I2C46CLockSelection MP1 family is applicable
2022-09-16 09:28:29,022 [INFO] Rule:225 - rule Change Default Value for UART for G4, G0 and WB families is applicable
2022-09-16 09:28:29,022 [INFO] Rule:225 - rule Change Default Value for USART for G4, G0 and WB families is applicable
2022-09-16 09:28:29,022 [INFO] Rule:225 - rule Change Default Value for USART for G4 family is applicable
2022-09-16 09:28:29,022 [INFO] Rule:225 - rule Change USART1CLockSelection refparam name for MP1 is applicable
2022-09-16 09:28:29,022 [INFO] Rule:225 - rule Change USART2CLockSelection refparam name for MP1 is applicable
2022-09-16 09:28:29,022 [INFO] Rule:225 - rule Change USART3CLockSelection refparam name for MP1 is applicable
2022-09-16 09:28:29,022 [INFO] Rule:225 - rule Change UART4CLockSelection refparam name for MP1 is applicable
2022-09-16 09:28:29,023 [INFO] Rule:225 - rule Change UART5CLockSelection refparam name for MP1 is applicable
2022-09-16 09:28:29,023 [INFO] Rule:225 - rule Change LPUART1CLockSelection refparam name for MP1 is applicable
2022-09-16 09:28:29,023 [INFO] Rule:225 - rule Change LPTIM1CLockSelection refparam name for MP1 is applicable
2022-09-16 09:28:29,023 [INFO] Rule:225 - rule Change LPTIM2CLockSelection refparam name for MP1 is applicable
2022-09-16 09:28:29,023 [INFO] Rule:225 - rule Change RCC_MCO1Source refparam name for MP1 is applicable
2022-09-16 09:28:29,023 [INFO] Rule:225 - rule Change LSCOSource1 refparam name for MP1 is applicable
2022-09-16 09:28:29,023 [INFO] Rule:225 - rule Change SMPSCLockSelection refparam name for MP1 is applicable
2022-09-16 09:28:29,023 [INFO] Rule:225 - rule Change LPTIM3CLockSelection refparam name for MP1 is applicable
2022-09-16 09:28:29,023 [INFO] Rule:225 - rule Change MPCBB* Default Template Mode to Parameters is applicable
2022-09-16 09:28:29,023 [INFO] Rule:225 - rule Change MPCWM* or MPCBB* Secure Mode to Parameters is applicable
2022-09-16 09:28:29,024 [INFO] Rule:225 - rule Change MPCWM* or MPCBB* No Secure Mode to Parameters is applicable
2022-09-16 09:28:29,024 [INFO] Rule:225 - rule Change TZSC IP Secure Mode to Parameters is applicable
2022-09-16 09:28:29,024 [INFO] Rule:225 - rule Change TZSC IP No Secure Mode to Parameters is applicable
2022-09-16 09:28:29,024 [INFO] Rule:225 - rule Change TZSC IP Privilege Mode to Parameters is applicable
2022-09-16 09:28:29,024 [INFO] Rule:225 - rule Change TZSC IP No Privilege Mode to Parameters is applicable
2022-09-16 09:28:29,024 [INFO] Rule:225 - rule Change TZIC IT Secure Mode to Parameters is applicable
2022-09-16 09:28:29,024 [INFO] Rule:225 - rule Change TZIC IT No Secure Mode to Parameters is applicable
2022-09-16 09:28:29,024 [INFO] Rule:225 - rule Add MPCBB1_NonSecureArea_Start_Address value with referenced to MPCBB1_NonSecureArea_Start value is applicable
2022-09-16 09:28:29,024 [INFO] Rule:225 - rule Add MPCBB2_NonSecureArea_Start_Address value with referenced to MPCBB2_NonSecureArea_Start value is applicable
2022-09-16 09:28:29,024 [INFO] Rule:225 - rule Add MPCWM1_NonSecureArea*_Start_Address value with referenced to MPCWM1_NonSecureArea*_Start value is applicable
2022-09-16 09:28:29,025 [INFO] Rule:225 - rule Add MPCWM2_NonSecureArea*_Start_Address value with referenced to MPCWM2_NonSecureArea*_Start value is applicable
2022-09-16 09:28:29,025 [INFO] Rule:225 - rule Add MPCWM3_NonSecureArea_Start_Address value with referenced to MPCWM3_NonSecureArea_Start value is applicable
2022-09-16 09:28:29,025 [INFO] Rule:225 - rule Change Default Value for PLL1UserDefinedConfig is applicable
2022-09-16 09:28:29,025 [INFO] Rule:225 - rule Change GPIO_PuPd Default Value for USART in async mode is applicable
2022-09-16 09:28:29,025 [INFO] Rule:225 - rule Change SMPSDivider Default Value is applicable
2022-09-16 09:28:29,025 [INFO] Rule:225 - rule OPAMP is applicable
2022-09-16 09:28:29,025 [INFO] Rule:225 - rule LPUART IPParameter rename Prescaler parameter to ClockPrescaler for STM32H7 is applicable
2022-09-16 09:28:29,026 [INFO] Rule:225 - rule LPUART IPParameter rename Prescaler parameter to ClockPrescaler for STM32H7 is applicable
2022-09-16 09:28:29,026 [INFO] Rule:225 - rule LPUART IPParameter rename Prescaler parameter to ClockPrescaler for STM32WB is applicable
2022-09-16 09:28:29,026 [INFO] Rule:225 - rule LPUART IPParameter rename Prescaler parameter to ClockPrescaler for STM32WB is applicable
2022-09-16 09:28:29,026 [INFO] Rule:225 - rule LPUART IPParameter rename Prescaler parameter to ClockPrescaler for STM32G4 is applicable
2022-09-16 09:28:29,026 [INFO] Rule:225 - rule LPUART IPParameter rename Prescaler parameter to ClockPrescaler for STM32G4 is applicable
2022-09-16 09:28:29,026 [INFO] Rule:225 - rule LPUART IPParameter rename Prescaler parameter to ClockPrescaler for STM32L5 is applicable
2022-09-16 09:28:29,026 [INFO] Rule:225 - rule LPUART IPParameter rename Prescaler parameter to ClockPrescaler for STM32L5 is applicable
2022-09-16 09:28:29,026 [INFO] Rule:225 - rule LPUART IPParameter rename Prescaler parameter to ClockPrescaler for STM32G4 is applicable
2022-09-16 09:28:29,026 [INFO] Rule:225 - rule LPUART IPParameter rename Prescaler parameter to ClockPrescaler for STM32G4 is applicable
2022-09-16 09:28:29,027 [INFO] Rule:225 - rule USB device lib V2.5.3 for L0 rename USBD_SUPPORT_USER_STRING parameter to USBD_SUPPORT_USER_STRING_DESC4 is applicable
2022-09-16 09:28:29,027 [INFO] Rule:225 - rule I2SCLockSelection clock entry align is applicable
2022-09-16 09:28:29,027 [INFO] Rule:225 - rule Assign TIMx context if used as SYS timebase is applicable
2022-09-16 09:28:29,027 [INFO] Rule:225 - rule Change GPIO_Pu Default Value for I2C is applicable
2022-09-16 09:28:29,027 [INFO] Rule:225 - rule Change GPIO_Pu Default Value for SMBus is applicable
2022-09-16 09:28:29,027 [INFO] Rule:225 - rule change FDCAN default value is applicable
2022-09-16 09:28:29,027 [INFO] Rule:225 - rule Change mode sai is applicable
2022-09-16 09:28:29,027 [INFO] Rule:225 - rule **Change sai mode is applicable
2022-09-16 09:28:29,040 [INFO] DbConfProperties:305 - Apply Compatibility (69/282 Rules)
2022-09-16 09:28:29,056 [INFO] ImportTextPane:193 - (OptionalMessage_ERROR) Unable to find key (Mcu.ThirdPartyNb) in loaded IOC file
2022-09-16 09:28:29,199 [WARN] ApiManager:308 - Cannot register API 'Board Extension:GNSS1A1' from pack STMicroelectronics.X-CUBE-GNSS1.6.0.0: no header file found
2022-09-16 09:28:29,199 [WARN] ApiManager:308 - Cannot register API 'Board Support:Custom' from pack STMicroelectronics.X-CUBE-GNSS1.6.0.0: no header file found
2022-09-16 09:28:29,199 [WARN] ApiManager:308 - Cannot register API 'Data Exchange:lib_gnss' from pack STMicroelectronics.X-CUBE-GNSS1.6.0.0: no header file found
2022-09-16 09:28:29,215 [WARN] ApiManager:308 - Cannot register API 'Wireless:BlueNRG-MS' from pack STMicroelectronics.X-CUBE-BLE1.6.2.3: no header file found
2022-09-16 09:28:29,223 [INFO] RtosManager:488 - Registered RTOS mode: class=CMSIS, group=RTOS, mode=CMSIS_V1, owner=FREERTOS
2022-09-16 09:28:29,224 [INFO] RtosManager:488 - Registered RTOS mode: class=CMSIS, group=RTOS2, mode=CMSIS_V2, owner=FREERTOS
2022-09-16 09:28:29,224 [INFO] RtosManager:488 - Registered RTOS mode: class=RTOS, group=Core, mode=CMSIS_V1, owner=FREERTOS
2022-09-16 09:28:29,224 [INFO] RtosManager:488 - Registered RTOS mode: class=RTOS, group=Core, mode=CMSIS_V2, owner=FREERTOS
2022-09-16 09:28:29,224 [WARN] ModelIntegratedComponent:185 - Missing modes for component STMicroelectronics:FreeRTOS:0.0.1:STMicroelectronics:RTOS:FreeRTOS:Core:::10.2.0:
2022-09-16 09:28:29,236 [WARN] ApiManager:308 - Cannot register API 'Board Extension:S2868A1' from pack STMicroelectronics.X-CUBE-SUBG2.5.0.0: no header file found
2022-09-16 09:28:29,237 [WARN] ApiManager:308 - Cannot register API 'Board Extension:S2868A2' from pack STMicroelectronics.X-CUBE-SUBG2.5.0.0: no header file found
2022-09-16 09:28:29,237 [WARN] ApiManager:308 - Cannot register API 'Board Extension:S2915A1' from pack STMicroelectronics.X-CUBE-SUBG2.5.0.0: no header file found
2022-09-16 09:28:29,244 [WARN] ApiManager:308 - Cannot register API 'Board Extension:NFC04A1' from pack STMicroelectronics.X-CUBE-NFC4.2.0.4: no header file found
2022-09-16 09:28:29,255 [WARN] ModelIntegratedComponent:64 - No mode defined for component null
2022-09-16 09:28:29,255 [WARN] ModelIntegratedComponent:64 - No mode defined for component null
2022-09-16 09:28:29,256 [WARN] ModelIntegratedComponent:64 - No mode defined for component null
2022-09-16 09:28:29,256 [WARN] ModelIntegratedComponent:64 - No mode defined for component null
2022-09-16 09:28:29,256 [WARN] ModelIntegratedComponent:64 - No mode defined for component null
2022-09-16 09:28:29,256 [WARN] ModelIntegratedComponent:64 - No mode defined for component null
2022-09-16 09:28:29,256 [WARN] ModelIntegratedComponent:64 - No mode defined for component null
2022-09-16 09:28:29,256 [WARN] ModelIntegratedComponent:64 - No mode defined for component null
2022-09-16 09:28:29,256 [WARN] ModelIntegratedComponent:64 - No mode defined for component null
2022-09-16 09:28:29,257 [WARN] ModelIntegratedComponent:64 - No mode defined for component null
2022-09-16 09:28:29,257 [WARN] ModelIntegratedComponent:64 - No mode defined for component null
2022-09-16 09:28:29,257 [WARN] ModelIntegratedComponent:64 - No mode defined for component null
2022-09-16 09:28:29,257 [WARN] ModelIntegratedComponent:64 - No mode defined for component null
2022-09-16 09:28:29,257 [WARN] ModelIntegratedComponent:64 - No mode defined for component null
2022-09-16 09:28:29,257 [WARN] ModelIntegratedComponent:64 - No mode defined for component null
2022-09-16 09:28:29,257 [WARN] ModelIntegratedComponent:64 - No mode defined for component null
2022-09-16 09:28:29,257 [WARN] ModelIntegratedComponent:64 - No mode defined for component null
2022-09-16 09:28:29,257 [WARN] ModelIntegratedComponent:64 - No mode defined for component null
2022-09-16 09:28:29,258 [WARN] ModelIntegratedComponent:64 - No mode defined for component null
2022-09-16 09:28:29,258 [WARN] ModelIntegratedComponent:64 - No mode defined for component null
2022-09-16 09:28:29,258 [WARN] ModelIntegratedComponent:64 - No mode defined for component null
2022-09-16 09:28:29,258 [WARN] ModelIntegratedComponent:64 - No mode defined for component null
2022-09-16 09:28:29,258 [WARN] ModelIntegratedComponent:64 - No mode defined for component null
2022-09-16 09:28:29,258 [WARN] ModelIntegratedComponent:64 - No mode defined for component null
2022-09-16 09:28:29,258 [WARN] ModelIntegratedComponent:64 - No mode defined for component null
2022-09-16 09:28:29,258 [WARN] ModelIntegratedComponent:64 - No mode defined for component null
2022-09-16 09:28:29,258 [WARN] ModelIntegratedComponent:64 - No mode defined for component null
2022-09-16 09:28:29,258 [WARN] ModelIntegratedComponent:64 - No mode defined for component null
2022-09-16 09:28:29,259 [WARN] ModelIntegratedComponent:64 - No mode defined for component null
2022-09-16 09:28:29,259 [WARN] ModelIntegratedComponent:64 - No mode defined for component null
2022-09-16 09:28:29,259 [WARN] ModelIntegratedComponent:64 - No mode defined for component null
2022-09-16 09:28:29,259 [WARN] ModelIntegratedComponent:64 - No mode defined for component null
2022-09-16 09:28:29,259 [WARN] ModelIntegratedComponent:64 - No mode defined for component null
2022-09-16 09:28:29,262 [WARN] ApiManager:308 - Cannot register API 'Board Extension:NFC07A1' from pack STMicroelectronics.X-CUBE-NFC7.1.0.0: no header file found
2022-09-16 09:28:29,643 [WARN] ApiManager:308 - Cannot register API 'Board Extension:IKS01A3' from pack STMicroelectronics.X-CUBE-MEMS1.9.3.0: no header file found
2022-09-16 09:28:29,643 [WARN] ApiManager:308 - Cannot register API 'Board Extension:IKS01A2' from pack STMicroelectronics.X-CUBE-MEMS1.9.3.0: no header file found
2022-09-16 09:28:29,644 [WARN] ApiManager:308 - Cannot register API 'Board Extension:IKS02A1' from pack STMicroelectronics.X-CUBE-MEMS1.9.3.0: no header file found
2022-09-16 09:28:29,651 [WARN] ApiManager:308 - Cannot register API 'Board Extension:EEPRMA1' from pack STMicroelectronics.X-CUBE-EEPRMA1.3.1.1: no header file found
2022-09-16 09:28:29,652 [WARN] ApiManager:308 - Cannot register API 'Board Extension:EEPRMA2' from pack STMicroelectronics.X-CUBE-EEPRMA1.3.1.1: no header file found
2022-09-16 09:28:29,653 [WARN] ApiManager:308 - Cannot register API 'Board Extension:S2868A1' from pack STMicroelectronics.X-CUBE-SFXS2LP1.4.0.0: no header file found
2022-09-16 09:28:29,653 [WARN] ApiManager:308 - Cannot register API 'Board Extension:S2868A2' from pack STMicroelectronics.X-CUBE-SFXS2LP1.4.0.0: no header file found
2022-09-16 09:28:29,653 [WARN] ApiManager:308 - Cannot register API 'Board Extension:S2915A1' from pack STMicroelectronics.X-CUBE-SFXS2LP1.4.0.0: no header file found
2022-09-16 09:28:29,654 [WARN] ApiManager:308 - Cannot register API 'Wireless:BlueNRG-2' from pack STMicroelectronics.X-CUBE-BLE2.3.3.0: no header file found
2022-09-16 09:28:29,663 [INFO] ThirdPartyModel:289 - Start build external matchings
2022-09-16 09:28:29,994 [INFO] ThirdPartyModel:302 - End build external matchings
2022-09-16 09:28:30,289 [INFO] UtilMem:74 - End LoadConfig() Used Memory: 561183624 Bytes (606076928)
2022-09-16 09:28:30,317 [WARN] ThirdParty:789 - waiting for thirdparty lock release [change project]
2022-09-16 09:28:30,318 [INFO] ThirdParty:791 - entering critical section [change project]
2022-09-16 09:28:30,318 [INFO] ThirdParty:981 - CMSIS Pack Vendor :RoweBots I-CUBE-UNISONRTOS 5.5.0-4
2022-09-16 09:28:30,318 [INFO] ThirdParty:981 - CMSIS Pack Vendor :STMicroelectronics X-CUBE-GNSS1 6.0.0
2022-09-16 09:28:30,318 [INFO] ThirdParty:981 - CMSIS Pack Vendor :STMicroelectronics X-CUBE-AZRTOS-H7 2.1.0
2022-09-16 09:28:30,318 [INFO] ThirdParty:981 - CMSIS Pack Vendor :STMicroelectronics USB_HOST 2.0.0
2022-09-16 09:28:30,319 [INFO] ThirdParty:981 - CMSIS Pack Vendor :STMicroelectronics X-CUBE-AZRTOS-F4 1.1.0
2022-09-16 09:28:30,319 [INFO] ThirdParty:981 - CMSIS Pack Vendor :STMicroelectronics LIBJPEG 8.0.0
2022-09-16 09:28:30,319 [INFO] ThirdParty:981 - CMSIS Pack Vendor :STMicroelectronics USB_DEVICE 3.0.0
2022-09-16 09:28:30,319 [INFO] ThirdParty:981 - CMSIS Pack Vendor :STMicroelectronics X-CUBE-BLEMGR 1.0.0
2022-09-16 09:28:30,319 [INFO] ThirdParty:981 - CMSIS Pack Vendor :STMicroelectronics X-CUBE-AZRTOS-F7 1.1.0
2022-09-16 09:28:30,319 [INFO] ThirdParty:981 - CMSIS Pack Vendor :STMicroelectronics USB_DEVICE 2.0.0
2022-09-16 09:28:30,319 [INFO] ThirdParty:981 - CMSIS Pack Vendor :STMicroelectronics X-CUBE-BLE1 6.2.3
2022-09-16 09:28:30,320 [INFO] ThirdParty:981 - CMSIS Pack Vendor :STMicroelectronics X-CUBE-ALGOBUILD 1.3.0
2022-09-16 09:28:30,320 [INFO] ThirdParty:981 - CMSIS Pack Vendor :STMicroelectronics FreeRTOS 0.0.1
2022-09-16 09:28:30,320 [INFO] ThirdParty:981 - CMSIS Pack Vendor :STMicroelectronics X-CUBE-AZRTOS-G0 1.1.0
2022-09-16 09:28:30,320 [INFO] ThirdParty:981 - CMSIS Pack Vendor :STMicroelectronics X-CUBE-SUBG2 5.0.0
2022-09-16 09:28:30,320 [INFO] ThirdParty:981 - CMSIS Pack Vendor :SEGGER I-CUBE-embOS 1.2.0
2022-09-16 09:28:30,320 [INFO] ThirdParty:981 - CMSIS Pack Vendor :STMicroelectronics STM32_WPAN 1.0.0
2022-09-16 09:28:30,320 [INFO] ThirdParty:981 - CMSIS Pack Vendor :STMicroelectronics lwIP 2.0.3
2022-09-16 09:28:30,320 [INFO] ThirdParty:981 - CMSIS Pack Vendor :STMicroelectronics X-CUBE-NFC4 2.0.4
2022-09-16 09:28:30,320 [INFO] ThirdParty:981 - CMSIS Pack Vendor :STMicroelectronics USB_HOST 1.0.0
2022-09-16 09:28:30,321 [INFO] ThirdParty:981 - CMSIS Pack Vendor :STMicroelectronics PDM2PCM 3.1.0
2022-09-16 09:28:30,321 [INFO] ThirdParty:981 - CMSIS Pack Vendor :STMicroelectronics FP-ATR-ASTRA1 1.1.1
2022-09-16 09:28:30,321 [INFO] ThirdParty:981 - CMSIS Pack Vendor :STMicroelectronics PDM2PCM 3.3.0
2022-09-16 09:28:30,321 [INFO] ThirdParty:981 - CMSIS Pack Vendor :STMicroelectronics X-CUBE-TOF1 3.1.0
2022-09-16 09:28:30,321 [INFO] ThirdParty:981 - CMSIS Pack Vendor :STMicroelectronics X-CUBE-AZRTOS-G4 1.0.0
2022-09-16 09:28:30,321 [INFO] ThirdParty:981 - CMSIS Pack Vendor :STMicroelectronics X-CUBE-AZRTOS-L4 1.0.0
2022-09-16 09:28:30,321 [INFO] ThirdParty:981 - CMSIS Pack Vendor :wolfSSL I-CUBE-wolfSSL 5.5.0
2022-09-16 09:28:30,321 [INFO] ThirdParty:981 - CMSIS Pack Vendor :STMicroelectronics HAL Drivers 0.0.0
2022-09-16 09:28:30,321 [INFO] ThirdParty:981 - CMSIS Pack Vendor :STMicroelectronics MBEDTLS 2.16.2
2022-09-16 09:28:30,321 [INFO] ThirdParty:981 - CMSIS Pack Vendor :emotas I-CUBE-CANOPEN 1.1.2
2022-09-16 09:28:30,322 [INFO] ThirdParty:981 - CMSIS Pack Vendor :STMicroelectronics X-CUBE-TOUCHGFX 4.20.0
2022-09-16 09:28:30,322 [INFO] ThirdParty:981 - CMSIS Pack Vendor :STMicroelectronics MBEDTLS 2.14.1
2022-09-16 09:28:30,322 [INFO] ThirdParty:981 - CMSIS Pack Vendor :STMicroelectronics X-CUBE-NFC7 1.0.0
2022-09-16 09:28:30,322 [INFO] ThirdParty:981 - CMSIS Pack Vendor :STMicroelectronics X-CUBE-AZRTOS-WL 1.0.0
2022-09-16 09:28:30,322 [INFO] ThirdParty:981 - CMSIS Pack Vendor :STMicroelectronics X-CUBE-MEMS1 9.3.0
2022-09-16 09:28:30,322 [INFO] ThirdParty:981 - CMSIS Pack Vendor :portGmbH I-Cube-SoM-uGOAL 1.1.0
2022-09-16 09:28:30,322 [INFO] ThirdParty:981 - CMSIS Pack Vendor :STMicroelectronics X-CUBE-ALS 1.0.1
2022-09-16 09:28:30,322 [INFO] ThirdParty:981 - CMSIS Pack Vendor :STMicroelectronics X-CUBE-AI 7.2.0
2022-09-16 09:28:30,322 [INFO] ThirdParty:981 - CMSIS Pack Vendor :STMicroelectronics ThreadX 1.0.0
2022-09-16 09:28:30,322 [INFO] ThirdParty:981 - CMSIS Pack Vendor :STMicroelectronics X-CUBE-AZRTOS-L5 1.0.0
2022-09-16 09:28:30,322 [INFO] ThirdParty:981 - CMSIS Pack Vendor :STMicroelectronics USB_DEVICE 1.0.0
2022-09-16 09:28:30,323 [INFO] ThirdParty:981 - CMSIS Pack Vendor :STMicroelectronics X-CUBE-EEPRMA1 3.1.1
2022-09-16 09:28:30,323 [INFO] ThirdParty:981 - CMSIS Pack Vendor :STMicroelectronics ThreadX 0.0.2
2022-09-16 09:28:30,323 [INFO] ThirdParty:981 - CMSIS Pack Vendor :STMicroelectronics lwIP 2.1.2
2022-09-16 09:28:30,323 [INFO] ThirdParty:981 - CMSIS Pack Vendor :STMicroelectronics X-CUBE-SFXS2LP1 4.0.0
2022-09-16 09:28:30,323 [INFO] ThirdParty:981 - CMSIS Pack Vendor :STMicroelectronics X-CUBE-BLE2 3.3.0
2022-09-16 09:28:30,323 [INFO] ThirdParty:981 - CMSIS Pack Vendor :STMicroelectronics X-CUBE-DISPLAY 2.2.0
2022-09-16 09:28:30,323 [INFO] ThirdParty:981 - CMSIS Pack Vendor :STMicroelectronics PDM2PCM 3.2.0
2022-09-16 09:28:30,323 [INFO] ThirdParty:981 - CMSIS Pack Vendor :STMicroelectronics X-CUBE-ISPU 1.0.0
2022-09-16 09:28:30,323 [INFO] ThirdParty:797 - exiting critical section [change project]
2022-09-16 09:28:30,688 [INFO] PinOutPanel:1468 - setPackage(No Configuration,No Configuration)
2022-09-16 09:28:30,689 [INFO] PinOutPanel:1468 - setPackage(STM32F051R8Tx,LQFP64)
2022-09-16 09:28:31,601 [INFO] UtilMem:74 - Before build in PCC Used Memory: 573698136 Bytes (606076928)
2022-09-16 09:28:32,496 [INFO] UtilMem:74 - After build in PCC Used Memory: 587746280 Bytes (606076928)
2022-09-16 09:28:32,534 [INFO] IPUIPlugin:79 - create IPUIPlugin
2022-09-16 09:28:32,534 [INFO] IPUIPlugin:79 - create IPUIPlugin
2022-09-16 09:28:32,534 [INFO] IPUIPlugin:79 - create IPUIPlugin
2022-09-16 09:28:32,535 [INFO] IPUIPlugin:79 - create IPUIPlugin
2022-09-16 09:28:32,535 [INFO] IPUIPlugin:79 - create IPUIPlugin
2022-09-16 09:28:32,535 [INFO] IPUIPlugin:79 - create IPUIPlugin
2022-09-16 09:28:32,535 [INFO] IPUIPlugin:79 - create IPUIPlugin
2022-09-16 09:28:32,535 [INFO] IPUIPlugin:79 - create IPUIPlugin
2022-09-16 09:28:32,535 [INFO] IPUIPlugin:79 - create IPUIPlugin
2022-09-16 09:28:32,536 [INFO] IPUIPlugin:79 - create IPUIPlugin
2022-09-16 09:28:32,536 [INFO] IPUIPlugin:79 - create IPUIPlugin
2022-09-16 09:28:32,536 [INFO] IPUIPlugin:79 - create IPUIPlugin
2022-09-16 09:28:32,536 [INFO] IPUIPlugin:79 - create IPUIPlugin
2022-09-16 09:28:32,536 [INFO] IPUIPlugin:79 - create IPUIPlugin
2022-09-16 09:28:32,537 [INFO] IPUIPlugin:79 - create IPUIPlugin
2022-09-16 09:28:32,537 [INFO] IPUIPlugin:79 - create IPUIPlugin
2022-09-16 09:28:32,537 [INFO] IPUIPlugin:79 - create IPUIPlugin
2022-09-16 09:28:32,537 [INFO] IPUIPlugin:79 - create IPUIPlugin
2022-09-16 09:28:32,537 [INFO] IPUIPlugin:79 - create IPUIPlugin
2022-09-16 09:28:32,538 [INFO] IPUIPlugin:79 - create IPUIPlugin
2022-09-16 09:28:32,538 [INFO] IPUIPlugin:79 - create IPUIPlugin
2022-09-16 09:28:32,538 [INFO] IPUIPlugin:79 - create IPUIPlugin
2022-09-16 09:28:32,538 [INFO] IPUIPlugin:79 - create IPUIPlugin
2022-09-16 09:28:32,538 [INFO] IPUIPlugin:79 - create IPUIPlugin
2022-09-16 09:28:32,539 [INFO] IPUIPlugin:79 - create IPUIPlugin
2022-09-16 09:28:32,539 [INFO] IPUIPlugin:79 - create IPUIPlugin
2022-09-16 09:28:32,539 [INFO] IPUIPlugin:79 - create IPUIPlugin
2022-09-16 09:28:32,539 [INFO] IPUIPlugin:79 - create IPUIPlugin
2022-09-16 09:28:32,540 [INFO] IPUIPlugin:79 - create IPUIPlugin
2022-09-16 09:28:32,540 [INFO] IPUIPlugin:79 - create IPUIPlugin
2022-09-16 09:28:32,540 [INFO] IPUIPlugin:79 - create IPUIPlugin
2022-09-16 09:28:32,541 [INFO] IPUIPlugin:79 - create IPUIPlugin
2022-09-16 09:28:32,541 [INFO] IPUIPlugin:79 - create IPUIPlugin
2022-09-16 09:28:32,541 [INFO] IPUIPlugin:79 - create IPUIPlugin
2022-09-16 09:28:32,807 [INFO] OpenFileManager:327 - Restore cursor
2022-09-16 09:28:33,699 [INFO] UtilMem:74 - End SaveConfig() Used Memory: 574570992 Bytes (606076928)
2022-09-16 09:28:33,762 [INFO] UtilMem:74 - End SaveConfig() Used Memory: 590459192 Bytes (606076928)
2022-09-16 09:28:34,353 [INFO] BlockDiagram:2753 - set Specific Code input for plugin: NVIC
2022-09-16 09:28:34,353 [INFO] BlockDiagram:2753 - set Specific Code input for plugin: SYS
2022-09-16 09:28:34,354 [INFO] BlockDiagram:2753 - set Specific Code input for plugin: GPIO
2022-09-16 09:28:34,354 [INFO] BlockDiagram:2753 - set Specific Code input for plugin: RCC
2022-09-16 09:28:34,355 [INFO] CodeGenerator:690 - code generatio: config db path: C:\ST\STM32CubeIDE_1.10.1\STM32CubeIDE\plugins\com.st.stm32cube.common.mx_6.6.1.202207061420\\db\
2022-09-16 09:28:34,974 [INFO] CodeEngine:245 - oldGeneratedFile, C:\Users\hasan\Desktop\stm32_workspace\adc_multi_read\MXTmpFiles\license.tmp_save
2022-09-16 09:28:35,553 [INFO] CodeEngine:269 - Generated code: C:\Users\hasan\Desktop\stm32_workspace\adc_multi_read\MXTmpFiles\license.tmp
2022-09-16 09:28:35,693 [INFO] CodeEngine:245 - oldGeneratedFile, C:\Users\hasan\Desktop\stm32_workspace\adc_multi_read\MXTmpFiles\gpio.tmp_save
2022-09-16 09:28:35,868 [INFO] CodeEngine:269 - Generated code: C:\Users\hasan\Desktop\stm32_workspace\adc_multi_read\MXTmpFiles\gpio.tmp
2022-09-16 09:28:35,931 [INFO] CodeEngine:245 - oldGeneratedFile, C:\Users\hasan\Desktop\stm32_workspace\adc_multi_read\Core\Src\stm32f0xx_it.c_save
2022-09-16 09:28:36,123 [INFO] CodeEngine:269 - Generated code: C:\Users\hasan\Desktop\stm32_workspace\adc_multi_read\Core\Src\stm32f0xx_it.c
2022-09-16 09:28:36,127 [INFO] CodeEngine:245 - oldGeneratedFile, C:\Users\hasan\Desktop\stm32_workspace\adc_multi_read\Core\Inc\stm32f0xx_it.h_save
2022-09-16 09:28:36,278 [INFO] CodeEngine:269 - Generated code: C:\Users\hasan\Desktop\stm32_workspace\adc_multi_read\Core\Inc\stm32f0xx_it.h
2022-09-16 09:28:36,294 [INFO] CodeEngine:245 - oldGeneratedFile, C:\Users\hasan\Desktop\stm32_workspace\adc_multi_read\Core\Src\stm32f0xx_hal_msp.c_save
2022-09-16 09:28:36,479 [INFO] CodeEngine:269 - Generated code: C:\Users\hasan\Desktop\stm32_workspace\adc_multi_read\Core\Src\stm32f0xx_hal_msp.c
2022-09-16 09:28:36,486 [INFO] CodeEngine:245 - oldGeneratedFile, C:\Users\hasan\Desktop\stm32_workspace\adc_multi_read\MXTmpFiles\system.tmp_save
2022-09-16 09:28:36,577 [INFO] CodeEngine:269 - Generated code: C:\Users\hasan\Desktop\stm32_workspace\adc_multi_read\MXTmpFiles\system.tmp
2022-09-16 09:28:36,588 [INFO] CodeEngine:245 - oldGeneratedFile, C:\Users\hasan\Desktop\stm32_workspace\adc_multi_read\Core\Inc\stm32f0xx_hal_conf.h_save
2022-09-16 09:28:36,810 [INFO] CodeEngine:269 - Generated code: C:\Users\hasan\Desktop\stm32_workspace\adc_multi_read\Core\Inc\stm32f0xx_hal_conf.h
2022-09-16 09:28:36,874 [INFO] CodeEngine:245 - oldGeneratedFile, C:\Users\hasan\Desktop\stm32_workspace\adc_multi_read\Core\Inc\main.h_save
2022-09-16 09:28:37,069 [INFO] CodeEngine:269 - Generated code: C:\Users\hasan\Desktop\stm32_workspace\adc_multi_read\Core\Inc\main.h
2022-09-16 09:28:37,074 [INFO] CodeEngine:245 - oldGeneratedFile, C:\Users\hasan\Desktop\stm32_workspace\adc_multi_read\Core\Src\main.c_save
2022-09-16 09:28:37,355 [INFO] CodeEngine:269 - Generated code: C:\Users\hasan\Desktop\stm32_workspace\adc_multi_read\Core\Src\main.c
2022-09-16 09:28:38,468 [INFO] ProjectBuilder:2919 - Time for Copy HAL[1] : 305mS.
2022-09-16 09:28:38,483 [INFO] ProjectBuilder:4117 - Project Generator version: 3.17.1
2022-09-16 09:28:38,904 [INFO] ConfigFileManager:1394 - The Die is : DIE440
2022-09-16 09:28:38,918 [INFO] ApiDbMcu:505 - Load IP Config File for FATFS
2022-09-16 09:28:38,958 [INFO] ApiDbMcu:505 - Load IP Config File for FREERTOS
2022-09-16 09:28:39,176 [INFO] ApiDbMcu:505 - Load IP Config File for TOUCHSENSING
2022-09-16 09:28:42,121 [INFO] ProjectBuilder:4285 - Time for Generating toolchain IDE Files: 3638mS.
2022-09-16 09:28:42,123 [INFO] ProjectBuilder:2790 - Time for Copy CMSIS : 0mS.
2022-09-16 09:28:42,126 [INFO] ProjectBuilder:2790 - Time for Copy CMSIS : 0mS.
2022-09-16 09:28:43,127 [INFO] McuFinderGlobals:57 - Set McuFinderConnectedMode to true
2022-09-16 09:28:43,130 [INFO] ApiDb:443 - Save user favorites file C:\Users\hasan/.stm32cubeide/favorites.mcus.txt: 0 item(s)
2022-09-16 09:28:43,130 [INFO] ApiDb:447 - User favorites MCUs=[]
2022-09-16 09:28:43,132 [INFO] ApiDb:443 - Save user favorites file C:\Users\hasan/.stm32cubeide/favorites.boards.txt: 2 item(s)
2022-09-16 09:28:43,132 [INFO] ApiDb:447 - User favorites Boards=[NUCLEO-L010RB, STM32F0DISCOVERY]
